        -:    0:Source:D:/miao/SCHOOL/BUAA/Junior(last)/SE/pairProgramming/BUAA_SE_PairProgramming/src/googletest/src/gtest-port.cc
        -:    0:Graph:D:\miao\SCHOOL\BUAA\Junior(last)\SE\pairProgramming\BUAA_SE_PairProgramming\src\cmake-build-debug-coverage\googletest\CMakeFiles\gtest.dir\src\gtest-all.cc.gcno
        -:    0:Data:D:\miao\SCHOOL\BUAA\Junior(last)\SE\pairProgramming\BUAA_SE_PairProgramming\src\cmake-build-debug-coverage\googletest\CMakeFiles\gtest.dir\src\gtest-all.cc.gcda
        -:    0:Runs:1
        -:    0:Programs:1
        -:    1:// Copyright 2008, Google Inc.
        -:    2:// All rights reserved.
        -:    3://
        -:    4:// Redistribution and use in source and binary forms, with or without
        -:    5:// modification, are permitted provided that the following conditions are
        -:    6:// met:
        -:    7://
        -:    8://     * Redistributions of source code must retain the above copyright
        -:    9:// notice, this list of conditions and the following disclaimer.
        -:   10://     * Redistributions in binary form must reproduce the above
        -:   11:// copyright notice, this list of conditions and the following disclaimer
        -:   12:// in the documentation and/or other materials provided with the
        -:   13:// distribution.
        -:   14://     * Neither the name of Google Inc. nor the names of its
        -:   15:// contributors may be used to endorse or promote products derived from
        -:   16:// this software without specific prior written permission.
        -:   17://
        -:   18:// THIS SOFTWARE IS PROVIDED BY THE COPYRIGHT HOLDERS AND CONTRIBUTORS
        -:   19:// "AS IS" AND ANY EXPRESS OR IMPLIED WARRANTIES, INCLUDING, BUT NOT
        -:   20:// LIMITED TO, THE IMPLIED WARRANTIES OF MERCHANTABILITY AND FITNESS FOR
        -:   21:// A PARTICULAR PURPOSE ARE DISCLAIMED. IN NO EVENT SHALL THE COPYRIGHT
        -:   22:// OWNER OR CONTRIBUTORS BE LIABLE FOR ANY DIRECT, INDIRECT, INCIDENTAL,
        -:   23:// SPECIAL, EXEMPLARY, OR CONSEQUENTIAL DAMAGES (INCLUDING, BUT NOT
        -:   24:// LIMITED TO, PROCUREMENT OF SUBSTITUTE GOODS OR SERVICES; LOSS OF USE,
        -:   25:// DATA, OR PROFITS; OR BUSINESS INTERRUPTION) HOWEVER CAUSED AND ON ANY
        -:   26:// THEORY OF LIABILITY, WHETHER IN CONTRACT, STRICT LIABILITY, OR TORT
        -:   27:// (INCLUDING NEGLIGENCE OR OTHERWISE) ARISING IN ANY WAY OUT OF THE USE
        -:   28:// OF THIS SOFTWARE, EVEN IF ADVISED OF THE POSSIBILITY OF SUCH DAMAGE.
        -:   29:
        -:   30:#include "gtest/internal/gtest-port.h"
        -:   31:
        -:   32:#include <limits.h>
        -:   33:#include <stdio.h>
        -:   34:#include <stdlib.h>
        -:   35:#include <string.h>
        -:   36:
        -:   37:#include <cstdint>
        -:   38:#include <fstream>
        -:   39:#include <memory>
        -:   40:
        -:   41:#if GTEST_OS_WINDOWS
        -:   42:#include <io.h>
        -:   43:#include <sys/stat.h>
        -:   44:#include <windows.h>
        -:   45:
        -:   46:#include <map>  // Used in ThreadLocal.
        -:   47:#ifdef _MSC_VER
        -:   48:#include <crtdbg.h>
        -:   49:#endif  // _MSC_VER
        -:   50:#else
        -:   51:#include <unistd.h>
        -:   52:#endif  // GTEST_OS_WINDOWS
        -:   53:
        -:   54:#if GTEST_OS_MAC
        -:   55:#include <mach/mach_init.h>
        -:   56:#include <mach/task.h>
        -:   57:#include <mach/vm_map.h>
        -:   58:#endif  // GTEST_OS_MAC
        -:   59:
        -:   60:#if GTEST_OS_DRAGONFLY || GTEST_OS_FREEBSD || GTEST_OS_GNU_KFREEBSD || \
        -:   61:    GTEST_OS_NETBSD || GTEST_OS_OPENBSD
        -:   62:#include <sys/sysctl.h>
        -:   63:#if GTEST_OS_DRAGONFLY || GTEST_OS_FREEBSD || GTEST_OS_GNU_KFREEBSD
        -:   64:#include <sys/user.h>
        -:   65:#endif
        -:   66:#endif
        -:   67:
        -:   68:#if GTEST_OS_QNX
        -:   69:#include <devctl.h>
        -:   70:#include <fcntl.h>
        -:   71:#include <sys/procfs.h>
        -:   72:#endif  // GTEST_OS_QNX
        -:   73:
        -:   74:#if GTEST_OS_AIX
        -:   75:#include <procinfo.h>
        -:   76:#include <sys/types.h>
        -:   77:#endif  // GTEST_OS_AIX
        -:   78:
        -:   79:#if GTEST_OS_FUCHSIA
        -:   80:#include <zircon/process.h>
        -:   81:#include <zircon/syscalls.h>
        -:   82:#endif  // GTEST_OS_FUCHSIA
        -:   83:
        -:   84:#include "gtest/gtest-message.h"
        -:   85:#include "gtest/gtest-spi.h"
        -:   86:#include "gtest/internal/gtest-internal.h"
        -:   87:#include "gtest/internal/gtest-string.h"
        -:   88:#include "src/gtest-internal-inl.h"
        -:   89:
        -:   90:namespace testing {
        -:   91:namespace internal {
        -:   92:
        -:   93:#if GTEST_OS_LINUX || GTEST_OS_GNU_HURD
        -:   94:
        -:   95:namespace {
        -:   96:template <typename T>
        -:   97:T ReadProcFileField(const std::string& filename, int field) {
        -:   98:  std::string dummy;
        -:   99:  std::ifstream file(filename.c_str());
        -:  100:  while (field-- > 0) {
        -:  101:    file >> dummy;
        -:  102:  }
        -:  103:  T output = 0;
        -:  104:  file >> output;
        -:  105:  return output;
        -:  106:}
        -:  107:}  // namespace
        -:  108:
        -:  109:// Returns the number of active threads, or 0 when there is an error.
        -:  110:size_t GetThreadCount() {
        -:  111:  const std::string filename =
        -:  112:      (Message() << "/proc/" << getpid() << "/stat").GetString();
        -:  113:  return ReadProcFileField<size_t>(filename, 19);
        -:  114:}
        -:  115:
        -:  116:#elif GTEST_OS_MAC
        -:  117:
        -:  118:size_t GetThreadCount() {
        -:  119:  const task_t task = mach_task_self();
        -:  120:  mach_msg_type_number_t thread_count;
        -:  121:  thread_act_array_t thread_list;
        -:  122:  const kern_return_t status = task_threads(task, &thread_list, &thread_count);
        -:  123:  if (status == KERN_SUCCESS) {
        -:  124:    // task_threads allocates resources in thread_list and we need to free them
        -:  125:    // to avoid leaks.
        -:  126:    vm_deallocate(task, reinterpret_cast<vm_address_t>(thread_list),
        -:  127:                  sizeof(thread_t) * thread_count);
        -:  128:    return static_cast<size_t>(thread_count);
        -:  129:  } else {
        -:  130:    return 0;
        -:  131:  }
        -:  132:}
        -:  133:
        -:  134:#elif GTEST_OS_DRAGONFLY || GTEST_OS_FREEBSD || GTEST_OS_GNU_KFREEBSD || \
        -:  135:    GTEST_OS_NETBSD
        -:  136:
        -:  137:#if GTEST_OS_NETBSD
        -:  138:#undef KERN_PROC
        -:  139:#define KERN_PROC KERN_PROC2
        -:  140:#define kinfo_proc kinfo_proc2
        -:  141:#endif
        -:  142:
        -:  143:#if GTEST_OS_DRAGONFLY
        -:  144:#define KP_NLWP(kp) (kp.kp_nthreads)
        -:  145:#elif GTEST_OS_FREEBSD || GTEST_OS_GNU_KFREEBSD
        -:  146:#define KP_NLWP(kp) (kp.ki_numthreads)
        -:  147:#elif GTEST_OS_NETBSD
        -:  148:#define KP_NLWP(kp) (kp.p_nlwps)
        -:  149:#endif
        -:  150:
        -:  151:// Returns the number of threads running in the process, or 0 to indicate that
        -:  152:// we cannot detect it.
        -:  153:size_t GetThreadCount() {
        -:  154:  int mib[] = {
        -:  155:    CTL_KERN,
        -:  156:    KERN_PROC,
        -:  157:    KERN_PROC_PID,
        -:  158:    getpid(),
        -:  159:#if GTEST_OS_NETBSD
        -:  160:    sizeof(struct kinfo_proc),
        -:  161:    1,
        -:  162:#endif
        -:  163:  };
        -:  164:  u_int miblen = sizeof(mib) / sizeof(mib[0]);
        -:  165:  struct kinfo_proc info;
        -:  166:  size_t size = sizeof(info);
        -:  167:  if (sysctl(mib, miblen, &info, &size, NULL, 0)) {
        -:  168:    return 0;
        -:  169:  }
        -:  170:  return static_cast<size_t>(KP_NLWP(info));
        -:  171:}
        -:  172:#elif GTEST_OS_OPENBSD
        -:  173:
        -:  174:// Returns the number of threads running in the process, or 0 to indicate that
        -:  175:// we cannot detect it.
        -:  176:size_t GetThreadCount() {
        -:  177:  int mib[] = {
        -:  178:      CTL_KERN,
        -:  179:      KERN_PROC,
        -:  180:      KERN_PROC_PID | KERN_PROC_SHOW_THREADS,
        -:  181:      getpid(),
        -:  182:      sizeof(struct kinfo_proc),
        -:  183:      0,
        -:  184:  };
        -:  185:  u_int miblen = sizeof(mib) / sizeof(mib[0]);
        -:  186:
        -:  187:  // get number of structs
        -:  188:  size_t size;
        -:  189:  if (sysctl(mib, miblen, NULL, &size, NULL, 0)) {
        -:  190:    return 0;
        -:  191:  }
        -:  192:
        -:  193:  mib[5] = static_cast<int>(size / static_cast<size_t>(mib[4]));
        -:  194:
        -:  195:  // populate array of structs
        -:  196:  struct kinfo_proc info[mib[5]];
        -:  197:  if (sysctl(mib, miblen, &info, &size, NULL, 0)) {
        -:  198:    return 0;
        -:  199:  }
        -:  200:
        -:  201:  // exclude empty members
        -:  202:  size_t nthreads = 0;
        -:  203:  for (size_t i = 0; i < size / static_cast<size_t>(mib[4]); i++) {
        -:  204:    if (info[i].p_tid != -1) nthreads++;
        -:  205:  }
        -:  206:  return nthreads;
        -:  207:}
        -:  208:
        -:  209:#elif GTEST_OS_QNX
        -:  210:
        -:  211:// Returns the number of threads running in the process, or 0 to indicate that
        -:  212:// we cannot detect it.
        -:  213:size_t GetThreadCount() {
        -:  214:  const int fd = open("/proc/self/as", O_RDONLY);
        -:  215:  if (fd < 0) {
        -:  216:    return 0;
        -:  217:  }
        -:  218:  procfs_info process_info;
        -:  219:  const int status =
        -:  220:      devctl(fd, DCMD_PROC_INFO, &process_info, sizeof(process_info), nullptr);
        -:  221:  close(fd);
        -:  222:  if (status == EOK) {
        -:  223:    return static_cast<size_t>(process_info.num_threads);
        -:  224:  } else {
        -:  225:    return 0;
        -:  226:  }
        -:  227:}
        -:  228:
        -:  229:#elif GTEST_OS_AIX
        -:  230:
        -:  231:size_t GetThreadCount() {
        -:  232:  struct procentry64 entry;
        -:  233:  pid_t pid = getpid();
        -:  234:  int status = getprocs64(&entry, sizeof(entry), nullptr, 0, &pid, 1);
        -:  235:  if (status == 1) {
        -:  236:    return entry.pi_thcount;
        -:  237:  } else {
        -:  238:    return 0;
        -:  239:  }
        -:  240:}
        -:  241:
        -:  242:#elif GTEST_OS_FUCHSIA
        -:  243:
        -:  244:size_t GetThreadCount() {
        -:  245:  int dummy_buffer;
        -:  246:  size_t avail;
        -:  247:  zx_status_t status =
        -:  248:      zx_object_get_info(zx_process_self(), ZX_INFO_PROCESS_THREADS,
        -:  249:                         &dummy_buffer, 0, nullptr, &avail);
        -:  250:  if (status == ZX_OK) {
        -:  251:    return avail;
        -:  252:  } else {
        -:  253:    return 0;
        -:  254:  }
        -:  255:}
        -:  256:
        -:  257:#else
        -:  258:
function _ZN7testing8internal14GetThreadCountEv called 0 returned 0% blocks executed 0%
    #####:  259:size_t GetThreadCount() {
        -:  260:  // There's no portable way to detect the number of threads, so we just
        -:  261:  // return 0 to indicate that we cannot detect it.
    #####:  262:  return 0;
    %%%%%:  262-block  0
        -:  263:}
        -:  264:
        -:  265:#endif  // GTEST_OS_LINUX
        -:  266:
        -:  267:#if GTEST_IS_THREADSAFE && GTEST_OS_WINDOWS
        -:  268:
function _ZN7testing8internal10AutoHandleC2Ev called 0 returned 0% blocks executed 0%
    #####:  269:AutoHandle::AutoHandle() : handle_(INVALID_HANDLE_VALUE) {}
        -:  270:
function _ZN7testing8internal10AutoHandleC2EPv called 0 returned 0% blocks executed 0%
    #####:  271:AutoHandle::AutoHandle(Handle handle) : handle_(handle) {}
        -:  272:
function _ZN7testing8internal10AutoHandleD2Ev called 0 returned 0% blocks executed 0%
    #####:  273:AutoHandle::~AutoHandle() { Reset(); }
    %%%%%:  273-block  0
call    0 never executed
        -:  274:
function _ZNK7testing8internal10AutoHandle3GetEv called 0 returned 0% blocks executed 0%
    #####:  275:AutoHandle::Handle AutoHandle::Get() const { return handle_; }
    %%%%%:  275-block  0
        -:  276:
function _ZN7testing8internal10AutoHandle5ResetEv called 0 returned 0% blocks executed 0%
    #####:  277:void AutoHandle::Reset() { Reset(INVALID_HANDLE_VALUE); }
    %%%%%:  277-block  0
call    0 never executed
        -:  278:
function _ZN7testing8internal10AutoHandle5ResetEPv called 0 returned 0% blocks executed 0%
    #####:  279:void AutoHandle::Reset(HANDLE handle) {
        -:  280:  // Resetting with the same handle we already own is invalid.
    #####:  281:  if (handle_ != handle) {
    %%%%%:  281-block  0
branch  0 never executed
branch  1 never executed
    #####:  282:    if (IsCloseable()) {
    %%%%%:  282-block  0
call    0 never executed
branch  1 never executed
branch  2 never executed
    #####:  283:      ::CloseHandle(handle_);
    %%%%%:  283-block  0
call    0 never executed
        -:  284:    }
    #####:  285:    handle_ = handle;
    %%%%%:  285-block  0
        -:  286:  } else {
    #####:  287:    GTEST_CHECK_(!IsCloseable())
    %%%%%:  287-block  0
call    0 never executed
call    1 never executed
branch  2 never executed
branch  3 never executed
    %%%%%:  287-block  1
call    4 never executed
call    5 never executed
    %%%%%:  287-block  2
call    6 never executed
    $$$$$:  287-block  3
call    7 never executed
        -:  288:        << "Resetting a valid handle to itself is likely a programmer error "
    #####:  289:           "and thus not allowed.";
call    0 never executed
branch  1 never executed
branch  2 never executed
    %%%%%:  289-block  0
call    3 never executed
branch  4 never executed
branch  5 never executed
        -:  290:  }
    #####:  291:}
    %%%%%:  291-block  0
        -:  292:
function _ZNK7testing8internal10AutoHandle11IsCloseableEv called 0 returned 0% blocks executed 0%
    #####:  293:bool AutoHandle::IsCloseable() const {
        -:  294:  // Different Windows APIs may use either of these values to represent an
        -:  295:  // invalid handle.
    #####:  296:  return handle_ != nullptr && handle_ != INVALID_HANDLE_VALUE;
    %%%%%:  296-block  0
branch  0 never executed
branch  1 never executed
    %%%%%:  296-block  1
branch  2 never executed
branch  3 never executed
    %%%%%:  296-block  2
    %%%%%:  296-block  3
    %%%%%:  296-block  4
        -:  297:}
        -:  298:
function _ZN7testing8internal5MutexC2Ev called 25 returned 100% blocks executed 100%
       25:  299:Mutex::Mutex()
        -:  300:    : owner_thread_id_(0),
        -:  301:      type_(kDynamic),
        -:  302:      critical_section_init_phase_(0),
       25:  303:      critical_section_(new CRITICAL_SECTION) {
       25:  303-block  0
call    0 returned 25
       25:  304:  ::InitializeCriticalSection(critical_section_);
call    0 returned 25
       25:  305:}
        -:  306:
function _ZN7testing8internal5MutexD2Ev called 0 returned 0% blocks executed 0%
    #####:  307:Mutex::~Mutex() {
        -:  308:  // Static mutexes are leaked intentionally. It is not thread-safe to try
        -:  309:  // to clean them up.
    #####:  310:  if (type_ == kDynamic) {
    %%%%%:  310-block  0
branch  0 never executed
branch  1 never executed
    #####:  311:    ::DeleteCriticalSection(critical_section_);
    %%%%%:  311-block  0
call    0 never executed
    #####:  312:    delete critical_section_;
call    0 never executed
    #####:  313:    critical_section_ = nullptr;
        -:  314:  }
    #####:  315:}
        -:  316:
function _ZN7testing8internal5Mutex4LockEv called 0 returned 0% blocks executed 0%
    #####:  317:void Mutex::Lock() {
    #####:  318:  ThreadSafeLazyInit();
    %%%%%:  318-block  0
call    0 never executed
    #####:  319:  ::EnterCriticalSection(critical_section_);
call    0 never executed
    #####:  320:  owner_thread_id_ = ::GetCurrentThreadId();
call    0 never executed
    #####:  321:}
        -:  322:
function _ZN7testing8internal5Mutex6UnlockEv called 0 returned 0% blocks executed 0%
    #####:  323:void Mutex::Unlock() {
    #####:  324:  ThreadSafeLazyInit();
    %%%%%:  324-block  0
call    0 never executed
        -:  325:  // We don't protect writing to owner_thread_id_ here, as it's the
        -:  326:  // caller's responsibility to ensure that the current thread holds the
        -:  327:  // mutex when this is called.
    #####:  328:  owner_thread_id_ = 0;
    #####:  329:  ::LeaveCriticalSection(critical_section_);
call    0 never executed
    #####:  330:}
        -:  331:
        -:  332:// Does nothing if the current thread holds the mutex. Otherwise, crashes
        -:  333:// with high probability.
function _ZN7testing8internal5Mutex10AssertHeldEv called 0 returned 0% blocks executed 0%
    #####:  334:void Mutex::AssertHeld() {
    #####:  335:  ThreadSafeLazyInit();
    %%%%%:  335-block  0
call    0 never executed
    #####:  336:  GTEST_CHECK_(owner_thread_id_ == ::GetCurrentThreadId())
call    0 never executed
call    1 never executed
branch  2 never executed
branch  3 never executed
    %%%%%:  336-block  0
call    4 never executed
call    5 never executed
    %%%%%:  336-block  1
call    6 never executed
    $$$$$:  336-block  2
call    7 never executed
    #####:  337:      << "The current thread is not holding the mutex @" << this;
call    0 never executed
branch  1 never executed
branch  2 never executed
    %%%%%:  337-block  0
call    3 never executed
branch  4 never executed
branch  5 never executed
    %%%%%:  337-block  1
call    6 never executed
branch  7 never executed
branch  8 never executed
    #####:  338:}
    %%%%%:  338-block  0
        -:  339:
        -:  340:namespace {
        -:  341:
        -:  342:#ifdef _MSC_VER
        -:  343:// Use the RAII idiom to flag mem allocs that are intentionally never
        -:  344:// deallocated. The motivation is to silence the false positive mem leaks
        -:  345:// that are reported by the debug version of MS's CRT which can only detect
        -:  346:// if an alloc is missing a matching deallocation.
        -:  347:// Example:
        -:  348://    MemoryIsNotDeallocated memory_is_not_deallocated;
        -:  349://    critical_section_ = new CRITICAL_SECTION;
        -:  350://
        -:  351:class MemoryIsNotDeallocated {
        -:  352: public:
        -:  353:  MemoryIsNotDeallocated() : old_crtdbg_flag_(0) {
        -:  354:    old_crtdbg_flag_ = _CrtSetDbgFlag(_CRTDBG_REPORT_FLAG);
        -:  355:    // Set heap allocation block type to _IGNORE_BLOCK so that MS debug CRT
        -:  356:    // doesn't report mem leak if there's no matching deallocation.
        -:  357:    (void)_CrtSetDbgFlag(old_crtdbg_flag_ & ~_CRTDBG_ALLOC_MEM_DF);
        -:  358:  }
        -:  359:
        -:  360:  ~MemoryIsNotDeallocated() {
        -:  361:    // Restore the original _CRTDBG_ALLOC_MEM_DF flag
        -:  362:    (void)_CrtSetDbgFlag(old_crtdbg_flag_);
        -:  363:  }
        -:  364:
        -:  365: private:
        -:  366:  int old_crtdbg_flag_;
        -:  367:
        -:  368:  MemoryIsNotDeallocated(const MemoryIsNotDeallocated&) = delete;
        -:  369:  MemoryIsNotDeallocated& operator=(const MemoryIsNotDeallocated&) = delete;
        -:  370:};
        -:  371:#endif  // _MSC_VER
        -:  372:
        -:  373:}  // namespace
        -:  374:
        -:  375:// Initializes owner_thread_id_ and critical_section_ in static mutexes.
function _ZN7testing8internal5Mutex18ThreadSafeLazyInitEv called 0 returned 0% blocks executed 0%
    #####:  376:void Mutex::ThreadSafeLazyInit() {
        -:  377:  // Dynamic mutexes are initialized in the constructor.
    #####:  378:  if (type_ == kStatic) {
    %%%%%:  378-block  0
branch  0 never executed
branch  1 never executed
    #####:  379:    switch (
    #####:  380:        ::InterlockedCompareExchange(&critical_section_init_phase_, 1L, 0L)) {
    %%%%%:  380-block  0
    %%%%%:  380-block  1
branch  0 never executed
branch  1 never executed
branch  2 never executed
branch  3 never executed
    #####:  381:      case 0:
        -:  382:        // If critical_section_init_phase_ was 0 before the exchange, we
        -:  383:        // are the first to test it and need to perform the initialization.
    #####:  384:        owner_thread_id_ = 0;
        -:  385:        {
        -:  386:          // Use RAII to flag that following mem alloc is never deallocated.
        -:  387:#ifdef _MSC_VER
        -:  388:          MemoryIsNotDeallocated memory_is_not_deallocated;
        -:  389:#endif  // _MSC_VER
    #####:  390:          critical_section_ = new CRITICAL_SECTION;
    %%%%%:  390-block  0
call    0 never executed
        -:  391:        }
    #####:  392:        ::InitializeCriticalSection(critical_section_);
call    0 never executed
        -:  393:        // Updates the critical_section_init_phase_ to 2 to signal
        -:  394:        // initialization complete.
    #####:  395:        GTEST_CHECK_(::InterlockedCompareExchange(&critical_section_init_phase_,
    %%%%%:  395-block  0
call    0 never executed
branch  1 never executed
branch  2 never executed
    %%%%%:  395-block  1
call    3 never executed
call    4 never executed
call    5 never executed
branch  6 never executed
branch  7 never executed
    %%%%%:  395-block  2
call    8 never executed
    $$$$$:  395-block  3
call    9 never executed
    $$$$$:  395-block  4
call   10 never executed
        -:  396:                                                  2L, 1L) == 1L);
    #####:  397:        break;
    %%%%%:  397-block  0
    #####:  398:      case 1:
        -:  399:        // Somebody else is already initializing the mutex; spin until they
        -:  400:        // are done.
    #####:  401:        while (::InterlockedCompareExchange(&critical_section_init_phase_, 2L,
    %%%%%:  401-block  0
    #####:  402:                                            2L) != 2L) {
    %%%%%:  402-block  0
branch  0 never executed
branch  1 never executed
        -:  403:          // Possibly yields the rest of the thread's time slice to other
        -:  404:          // threads.
    #####:  405:          ::Sleep(0);
    %%%%%:  405-block  0
call    0 never executed
        -:  406:        }
    #####:  407:        break;
    %%%%%:  407-block  0
        -:  408:
    #####:  409:      case 2:
    #####:  410:        break;  // The mutex is already initialized and ready for use.
    %%%%%:  410-block  0
        -:  411:
    #####:  412:      default:
    #####:  413:        GTEST_CHECK_(false)
    %%%%%:  413-block  0
call    0 never executed
branch  1 never executed
branch  2 never executed
    %%%%%:  413-block  1
call    3 never executed
call    4 never executed
    %%%%%:  413-block  2
call    5 never executed
    $$$$$:  413-block  3
call    6 never executed
        -:  414:            << "Unexpected value of critical_section_init_phase_ "
    #####:  415:            << "while initializing a static mutex.";
call    0 never executed
branch  1 never executed
branch  2 never executed
    %%%%%:  415-block  0
call    3 never executed
branch  4 never executed
branch  5 never executed
    %%%%%:  415-block  1
call    6 never executed
branch  7 never executed
branch  8 never executed
        -:  416:    }
        -:  417:  }
    #####:  418:}
    %%%%%:  418-block  0
        -:  419:
        -:  420:namespace {
        -:  421:
        -:  422:class ThreadWithParamSupport : public ThreadWithParamBase {
        -:  423: public:
function _ZN7testing8internal12_GLOBAL__N_122ThreadWithParamSupport12CreateThreadEPNS0_19ThreadWithParamBase8RunnableEPNS0_12NotificationE called 0 returned 0% blocks executed 0%
    #####:  424:  static HANDLE CreateThread(Runnable* runnable,
        -:  425:                             Notification* thread_can_start) {
    #####:  426:    ThreadMainParam* param = new ThreadMainParam(runnable, thread_can_start);
    %%%%%:  426-block  0
call    0 never executed
branch  1 never executed
branch  2 never executed
    %%%%%:  426-block  1
call    3 never executed
        -:  427:    DWORD thread_id;
    #####:  428:    HANDLE thread_handle = ::CreateThread(
call    0 never executed
branch  1 never executed
branch  2 never executed
        -:  429:        nullptr,  // Default security.
        -:  430:        0,        // Default stack size.
        -:  431:        &ThreadWithParamSupport::ThreadMain,
        -:  432:        param,        // Parameter to ThreadMainStatic
        -:  433:        0x0,          // Default creation flags.
        -:  434:        &thread_id);  // Need a valid pointer for the call to work under Win98.
    #####:  435:    GTEST_CHECK_(thread_handle != nullptr)
    %%%%%:  435-block  0
call    0 never executed
branch  1 never executed
branch  2 never executed
    %%%%%:  435-block  1
call    3 never executed
branch  4 never executed
branch  5 never executed
    %%%%%:  435-block  2
call    6 never executed
    %%%%%:  435-block  3
call    7 never executed
    $$$$$:  435-block  4
call    8 never executed
    $$$$$:  435-block  5
    #####:  436:        << "CreateThread failed with error " << ::GetLastError() << ".";
call    0 never executed
branch  1 never executed
branch  2 never executed
    %%%%%:  436-block  0
call    3 never executed
branch  4 never executed
branch  5 never executed
    %%%%%:  436-block  1
call    6 never executed
branch  7 never executed
branch  8 never executed
    %%%%%:  436-block  2
call    9 never executed
branch 10 never executed
branch 11 never executed
    %%%%%:  436-block  3
call   12 never executed
branch 13 never executed
branch 14 never executed
    #####:  437:    if (thread_handle == nullptr) {
    %%%%%:  437-block  0
branch  0 never executed
branch  1 never executed
    #####:  438:      delete param;
    %%%%%:  438-block  0
branch  0 never executed
branch  1 never executed
    %%%%%:  438-block  1
call    2 never executed
call    3 never executed
        -:  439:    }
    #####:  440:    return thread_handle;
    %%%%%:  440-block  0
    %%%%%:  440-block  1
        -:  441:  }
        -:  442:
        -:  443: private:
        -:  444:  struct ThreadMainParam {
function _ZN7testing8internal12_GLOBAL__N_122ThreadWithParamSupport15ThreadMainParamC2EPNS0_19ThreadWithParamBase8RunnableEPNS0_12NotificationE called 0 returned 0% blocks executed 0%
    #####:  445:    ThreadMainParam(Runnable* runnable, Notification* thread_can_start)
    #####:  446:        : runnable_(runnable), thread_can_start_(thread_can_start) {}
    %%%%%:  446-block  0
call    0 never executed
        -:  447:    std::unique_ptr<Runnable> runnable_;
        -:  448:    // Does not own.
        -:  449:    Notification* thread_can_start_;
        -:  450:  };
        -:  451:
function _ZN7testing8internal12_GLOBAL__N_122ThreadWithParamSupport10ThreadMainEPv called 0 returned 0% blocks executed 0%
    #####:  452:  static DWORD WINAPI ThreadMain(void* ptr) {
        -:  453:    // Transfers ownership.
    #####:  454:    std::unique_ptr<ThreadMainParam> param(static_cast<ThreadMainParam*>(ptr));
    %%%%%:  454-block  0
call    0 never executed
    $$$$$:  454-block  1
call    1 never executed
    #####:  455:    if (param->thread_can_start_ != nullptr)
call    0 never executed
branch  1 never executed
branch  2 never executed
    #####:  456:      param->thread_can_start_->WaitForNotification();
    %%%%%:  456-block  0
call    0 never executed
call    1 never executed
branch  2 never executed
branch  3 never executed
    #####:  457:    param->runnable_->Run();
    %%%%%:  457-block  0
call    0 never executed
call    1 never executed
call    2 never executed
branch  3 never executed
branch  4 never executed
    #####:  458:    return 0;
    %%%%%:  458-block  0
call    0 never executed
    %%%%%:  458-block  1
        -:  459:  }
        -:  460:
        -:  461:  // Prohibit instantiation.
        -:  462:  ThreadWithParamSupport();
        -:  463:
        -:  464:  ThreadWithParamSupport(const ThreadWithParamSupport&) = delete;
        -:  465:  ThreadWithParamSupport& operator=(const ThreadWithParamSupport&) = delete;
        -:  466:};
        -:  467:
        -:  468:}  // namespace
        -:  469:
function _ZN7testing8internal19ThreadWithParamBaseC2EPNS1_8RunnableEPNS0_12NotificationE called 0 returned 0% blocks executed 0%
    #####:  470:ThreadWithParamBase::ThreadWithParamBase(Runnable* runnable,
    #####:  471:                                         Notification* thread_can_start)
        -:  472:    : thread_(
    #####:  473:          ThreadWithParamSupport::CreateThread(runnable, thread_can_start)) {}
    %%%%%:  473-block  0
call    0 never executed
call    1 never executed
        -:  474:
    #####:  475:ThreadWithParamBase::~ThreadWithParamBase() { Join(); }
------------------
_ZN7testing8internal19ThreadWithParamBaseD0Ev:
function _ZN7testing8internal19ThreadWithParamBaseD0Ev called 0 returned 0% blocks executed 0%
    #####:  475:ThreadWithParamBase::~ThreadWithParamBase() { Join(); }
    %%%%%:  475-block  0
call    0 never executed
call    1 never executed
------------------
_ZN7testing8internal19ThreadWithParamBaseD2Ev:
function _ZN7testing8internal19ThreadWithParamBaseD2Ev called 0 returned 0% blocks executed 0%
    #####:  475:ThreadWithParamBase::~ThreadWithParamBase() { Join(); }
    %%%%%:  475-block  0
call    0 never executed
call    1 never executed
------------------
        -:  476:
function _ZN7testing8internal19ThreadWithParamBase4JoinEv called 0 returned 0% blocks executed 0%
    #####:  477:void ThreadWithParamBase::Join() {
    #####:  478:  GTEST_CHECK_(::WaitForSingleObject(thread_.Get(), INFINITE) == WAIT_OBJECT_0)
    %%%%%:  478-block  0
call    0 never executed
call    1 never executed
call    2 never executed
branch  3 never executed
branch  4 never executed
    %%%%%:  478-block  1
call    5 never executed
call    6 never executed
    %%%%%:  478-block  2
call    7 never executed
    $$$$$:  478-block  3
call    8 never executed
    #####:  479:      << "Failed to join the thread with error " << ::GetLastError() << ".";
call    0 never executed
branch  1 never executed
branch  2 never executed
    %%%%%:  479-block  0
call    3 never executed
branch  4 never executed
branch  5 never executed
    %%%%%:  479-block  1
call    6 never executed
branch  7 never executed
branch  8 never executed
    %%%%%:  479-block  2
call    9 never executed
branch 10 never executed
branch 11 never executed
    %%%%%:  479-block  3
call   12 never executed
branch 13 never executed
branch 14 never executed
    #####:  480:}
    %%%%%:  480-block  0
        -:  481:
        -:  482:// Maps a thread to a set of ThreadIdToThreadLocals that have values
        -:  483:// instantiated on that thread and notifies them when the thread exits.  A
        -:  484:// ThreadLocal instance is expected to persist until all threads it has
        -:  485:// values on have terminated.
        -:  486:class ThreadLocalRegistryImpl {
        -:  487: public:
        -:  488:  // Registers thread_local_instance as having value on the current thread.
        -:  489:  // Returns a value that can be used to identify the thread from other threads.
function _ZN7testing8internal23ThreadLocalRegistryImpl23GetValueOnCurrentThreadEPKNS0_15ThreadLocalBaseE called 0 returned 0% blocks executed 0%
    #####:  490:  static ThreadLocalValueHolderBase* GetValueOnCurrentThread(
        -:  491:      const ThreadLocalBase* thread_local_instance) {
        -:  492:#ifdef _MSC_VER
        -:  493:    MemoryIsNotDeallocated memory_is_not_deallocated;
        -:  494:#endif  // _MSC_VER
    #####:  495:    DWORD current_thread = ::GetCurrentThreadId();
    %%%%%:  495-block  0
call    0 never executed
branch  1 never executed
branch  2 never executed
    #####:  496:    MutexLock lock(&mutex_);
    %%%%%:  496-block  0
call    0 never executed
branch  1 never executed
branch  2 never executed
call    3 never executed
    $$$$$:  496-block  1
call    4 never executed
        -:  497:    ThreadIdToThreadLocals* const thread_to_thread_locals =
    #####:  498:        GetThreadLocalsMapLocked();
    %%%%%:  498-block  0
call    0 never executed
branch  1 never executed
branch  2 never executed
        -:  499:    ThreadIdToThreadLocals::iterator thread_local_pos =
    #####:  500:        thread_to_thread_locals->find(current_thread);
    %%%%%:  500-block  0
call    0 never executed
branch  1 never executed
branch  2 never executed
    #####:  501:    if (thread_local_pos == thread_to_thread_locals->end()) {
    %%%%%:  501-block  0
call    0 never executed
call    1 never executed
branch  2 never executed
branch  3 never executed
    #####:  502:      thread_local_pos =
        -:  503:          thread_to_thread_locals
    #####:  504:              ->insert(std::make_pair(current_thread, ThreadLocalValues()))
    %%%%%:  504-block  0
call    0 never executed
call    1 never executed
branch  2 never executed
branch  3 never executed
    %%%%%:  504-block  1
call    4 never executed
branch  5 never executed
branch  6 never executed
    %%%%%:  504-block  2
call    7 never executed
call    8 never executed
    $$$$$:  504-block  3
call    9 never executed
    $$$$$:  504-block  4
    $$$$$:  504-block  5
call   10 never executed
    $$$$$:  504-block  6
        -:  505:              .first;
    #####:  506:      StartWatcherThreadFor(current_thread);
call    0 never executed
branch  1 never executed
branch  2 never executed
        -:  507:    }
    #####:  508:    ThreadLocalValues& thread_local_values = thread_local_pos->second;
    %%%%%:  508-block  0
call    0 never executed
        -:  509:    ThreadLocalValues::iterator value_pos =
    #####:  510:        thread_local_values.find(thread_local_instance);
call    0 never executed
branch  1 never executed
branch  2 never executed
    #####:  511:    if (value_pos == thread_local_values.end()) {
    %%%%%:  511-block  0
call    0 never executed
call    1 never executed
branch  2 never executed
branch  3 never executed
    #####:  512:      value_pos =
        -:  513:          thread_local_values
    #####:  514:              .insert(std::make_pair(
    %%%%%:  514-block  0
call    0 never executed
branch  1 never executed
branch  2 never executed
    %%%%%:  514-block  1
call    3 never executed
    $$$$$:  514-block  2
call    4 never executed
    $$$$$:  514-block  3
        -:  515:                  thread_local_instance,
    #####:  516:                  std::shared_ptr<ThreadLocalValueHolderBase>(
    %%%%%:  516-block  0
call    0 never executed
branch  1 never executed
branch  2 never executed
call    3 never executed
    $$$$$:  516-block  1
call    4 never executed
    $$$$$:  516-block  2
    #####:  517:                      thread_local_instance->NewValueForCurrentThread())))
    %%%%%:  517-block  0
call    0 never executed
branch  1 never executed
branch  2 never executed
    %%%%%:  517-block  1
call    3 never executed
branch  4 never executed
branch  5 never executed
        -:  518:              .first;
        -:  519:    }
    #####:  520:    return value_pos->second.get();
    %%%%%:  520-block  0
call    0 never executed
call    1 never executed
    %%%%%:  520-block  1
        -:  521:  }
        -:  522:
function _ZN7testing8internal23ThreadLocalRegistryImpl22OnThreadLocalDestroyedEPKNS0_15ThreadLocalBaseE called 0 returned 0% blocks executed 0%
    #####:  523:  static void OnThreadLocalDestroyed(
        -:  524:      const ThreadLocalBase* thread_local_instance) {
    #####:  525:    std::vector<std::shared_ptr<ThreadLocalValueHolderBase> > value_holders;
    %%%%%:  525-block  0
call    0 never executed
call    1 never executed
    $$$$$:  525-block  1
call    2 never executed
        -:  526:    // Clean up the ThreadLocalValues data structure while holding the lock, but
        -:  527:    // defer the destruction of the ThreadLocalValueHolderBases.
        -:  528:    {
    #####:  529:      MutexLock lock(&mutex_);
call    0 never executed
branch  1 never executed
branch  2 never executed
    %%%%%:  529-block  0
call    3 never executed
    $$$$$:  529-block  1
call    4 never executed
        -:  530:      ThreadIdToThreadLocals* const thread_to_thread_locals =
    #####:  531:          GetThreadLocalsMapLocked();
    %%%%%:  531-block  0
call    0 never executed
branch  1 never executed
branch  2 never executed
    #####:  532:      for (ThreadIdToThreadLocals::iterator it =
    #####:  533:               thread_to_thread_locals->begin();
    %%%%%:  533-block  0
call    0 never executed
    #####:  534:           it != thread_to_thread_locals->end(); ++it) {
    %%%%%:  534-block  0
call    0 never executed
call    1 never executed
branch  2 never executed
branch  3 never executed
    %%%%%:  534-block  1
call    4 never executed
    #####:  535:        ThreadLocalValues& thread_local_values = it->second;
    %%%%%:  535-block  0
call    0 never executed
        -:  536:        ThreadLocalValues::iterator value_pos =
    #####:  537:            thread_local_values.find(thread_local_instance);
call    0 never executed
branch  1 never executed
branch  2 never executed
    #####:  538:        if (value_pos != thread_local_values.end()) {
    %%%%%:  538-block  0
call    0 never executed
call    1 never executed
branch  2 never executed
branch  3 never executed
    #####:  539:          value_holders.push_back(value_pos->second);
    %%%%%:  539-block  0
call    0 never executed
call    1 never executed
branch  2 never executed
branch  3 never executed
    #####:  540:          thread_local_values.erase(value_pos);
    %%%%%:  540-block  0
call    0 never executed
branch  1 never executed
branch  2 never executed
        -:  541:          // This 'if' can only be successful at most once, so theoretically we
        -:  542:          // could break out of the loop here, but we don't bother doing so.
        -:  543:        }
        -:  544:      }
        -:  545:    }
        -:  546:    // Outside the lock, let the destructor for 'value_holders' deallocate the
        -:  547:    // ThreadLocalValueHolderBases.
    #####:  548:  }
        -:  549:
function _ZN7testing8internal23ThreadLocalRegistryImpl12OnThreadExitEm called 0 returned 0% blocks executed 0%
    #####:  550:  static void OnThreadExit(DWORD thread_id) {
    #####:  551:    GTEST_CHECK_(thread_id != 0) << ::GetLastError();
    %%%%%:  551-block  0
call    0 never executed
branch  1 never executed
branch  2 never executed
    %%%%%:  551-block  1
call    3 never executed
branch  4 never executed
branch  5 never executed
    %%%%%:  551-block  2
call    6 never executed
call    7 never executed
branch  8 never executed
branch  9 never executed
    %%%%%:  551-block  3
call   10 never executed
branch 11 never executed
branch 12 never executed
    %%%%%:  551-block  4
call   13 never executed
branch 14 never executed
branch 15 never executed
    %%%%%:  551-block  5
call   16 never executed
    $$$$$:  551-block  6
call   17 never executed
    $$$$$:  551-block  7
    #####:  552:    std::vector<std::shared_ptr<ThreadLocalValueHolderBase> > value_holders;
    %%%%%:  552-block  0
call    0 never executed
call    1 never executed
    $$$$$:  552-block  1
call    2 never executed
        -:  553:    // Clean up the ThreadIdToThreadLocals data structure while holding the
        -:  554:    // lock, but defer the destruction of the ThreadLocalValueHolderBases.
        -:  555:    {
    #####:  556:      MutexLock lock(&mutex_);
call    0 never executed
branch  1 never executed
branch  2 never executed
    %%%%%:  556-block  0
call    3 never executed
    $$$$$:  556-block  1
call    4 never executed
        -:  557:      ThreadIdToThreadLocals* const thread_to_thread_locals =
    #####:  558:          GetThreadLocalsMapLocked();
    %%%%%:  558-block  0
call    0 never executed
branch  1 never executed
branch  2 never executed
        -:  559:      ThreadIdToThreadLocals::iterator thread_local_pos =
    #####:  560:          thread_to_thread_locals->find(thread_id);
    %%%%%:  560-block  0
call    0 never executed
branch  1 never executed
branch  2 never executed
    #####:  561:      if (thread_local_pos != thread_to_thread_locals->end()) {
    %%%%%:  561-block  0
call    0 never executed
call    1 never executed
branch  2 never executed
branch  3 never executed
    #####:  562:        ThreadLocalValues& thread_local_values = thread_local_pos->second;
    %%%%%:  562-block  0
call    0 never executed
    #####:  563:        for (ThreadLocalValues::iterator value_pos =
    #####:  564:                 thread_local_values.begin();
call    0 never executed
    #####:  565:             value_pos != thread_local_values.end(); ++value_pos) {
    %%%%%:  565-block  0
call    0 never executed
call    1 never executed
branch  2 never executed
branch  3 never executed
    %%%%%:  565-block  1
call    4 never executed
    #####:  566:          value_holders.push_back(value_pos->second);
    %%%%%:  566-block  0
call    0 never executed
call    1 never executed
branch  2 never executed
branch  3 never executed
        -:  567:        }
    #####:  568:        thread_to_thread_locals->erase(thread_local_pos);
    %%%%%:  568-block  0
call    0 never executed
branch  1 never executed
branch  2 never executed
        -:  569:      }
        -:  570:    }
        -:  571:    // Outside the lock, let the destructor for 'value_holders' deallocate the
        -:  572:    // ThreadLocalValueHolderBases.
    #####:  573:  }
        -:  574:
        -:  575: private:
        -:  576:  // In a particular thread, maps a ThreadLocal object to its value.
        -:  577:  typedef std::map<const ThreadLocalBase*,
        -:  578:                   std::shared_ptr<ThreadLocalValueHolderBase> >
        -:  579:      ThreadLocalValues;
        -:  580:  // Stores all ThreadIdToThreadLocals having values in a thread, indexed by
        -:  581:  // thread's ID.
        -:  582:  typedef std::map<DWORD, ThreadLocalValues> ThreadIdToThreadLocals;
        -:  583:
        -:  584:  // Holds the thread id and thread handle that we pass from
        -:  585:  // StartWatcherThreadFor to WatcherThreadFunc.
        -:  586:  typedef std::pair<DWORD, HANDLE> ThreadIdAndHandle;
        -:  587:
function _ZN7testing8internal23ThreadLocalRegistryImpl21StartWatcherThreadForEm called 0 returned 0% blocks executed 0%
    #####:  588:  static void StartWatcherThreadFor(DWORD thread_id) {
        -:  589:    // The returned handle will be kept in thread_map and closed by
        -:  590:    // watcher_thread in WatcherThreadFunc.
        -:  591:    HANDLE thread =
    #####:  592:        ::OpenThread(SYNCHRONIZE | THREAD_QUERY_INFORMATION, FALSE, thread_id);
    %%%%%:  592-block  0
call    0 never executed
branch  1 never executed
branch  2 never executed
    #####:  593:    GTEST_CHECK_(thread != nullptr);
    %%%%%:  593-block  0
call    0 never executed
branch  1 never executed
branch  2 never executed
    %%%%%:  593-block  1
call    3 never executed
branch  4 never executed
branch  5 never executed
    %%%%%:  593-block  2
call    6 never executed
call    7 never executed
branch  8 never executed
branch  9 never executed
    %%%%%:  593-block  3
call   10 never executed
    $$$$$:  593-block  4
call   11 never executed
    $$$$$:  593-block  5
        -:  594:    // We need to pass a valid thread ID pointer into CreateThread for it
        -:  595:    // to work correctly under Win98.
        -:  596:    DWORD watcher_thread_id;
    #####:  597:    HANDLE watcher_thread = ::CreateThread(
call    0 never executed
branch  1 never executed
branch  2 never executed
        -:  598:        nullptr,  // Default security.
        -:  599:        0,        // Default stack size
        -:  600:        &ThreadLocalRegistryImpl::WatcherThreadFunc,
    #####:  601:        reinterpret_cast<LPVOID>(new ThreadIdAndHandle(thread_id, thread)),
    %%%%%:  601-block  0
call    0 never executed
branch  1 never executed
branch  2 never executed
    %%%%%:  601-block  1
call    3 never executed
        -:  602:        CREATE_SUSPENDED, &watcher_thread_id);
    #####:  603:    GTEST_CHECK_(watcher_thread != nullptr)
    %%%%%:  603-block  0
call    0 never executed
branch  1 never executed
branch  2 never executed
    %%%%%:  603-block  1
call    3 never executed
branch  4 never executed
branch  5 never executed
    %%%%%:  603-block  2
call    6 never executed
    %%%%%:  603-block  3
call    7 never executed
    $$$$$:  603-block  4
call    8 never executed
    $$$$$:  603-block  5
    #####:  604:        << "CreateThread failed with error " << ::GetLastError() << ".";
call    0 never executed
branch  1 never executed
branch  2 never executed
    %%%%%:  604-block  0
call    3 never executed
branch  4 never executed
branch  5 never executed
    %%%%%:  604-block  1
call    6 never executed
branch  7 never executed
branch  8 never executed
    %%%%%:  604-block  2
call    9 never executed
branch 10 never executed
branch 11 never executed
    %%%%%:  604-block  3
call   12 never executed
branch 13 never executed
branch 14 never executed
        -:  605:    // Give the watcher thread the same priority as ours to avoid being
        -:  606:    // blocked by it.
    #####:  607:    ::SetThreadPriority(watcher_thread,
    %%%%%:  607-block  0
call    0 never executed
branch  1 never executed
branch  2 never executed
    %%%%%:  607-block  1
call    3 never executed
branch  4 never executed
branch  5 never executed
    %%%%%:  607-block  2
call    6 never executed
branch  7 never executed
branch  8 never executed
        -:  608:                        ::GetThreadPriority(::GetCurrentThread()));
    #####:  609:    ::ResumeThread(watcher_thread);
    %%%%%:  609-block  0
call    0 never executed
branch  1 never executed
branch  2 never executed
    #####:  610:    ::CloseHandle(watcher_thread);
    %%%%%:  610-block  0
call    0 never executed
branch  1 never executed
branch  2 never executed
    #####:  611:  }
    %%%%%:  611-block  0
        -:  612:
        -:  613:  // Monitors exit from a given thread and notifies those
        -:  614:  // ThreadIdToThreadLocals about thread termination.
function _ZN7testing8internal23ThreadLocalRegistryImpl17WatcherThreadFuncEPv called 0 returned 0% blocks executed 0%
    #####:  615:  static DWORD WINAPI WatcherThreadFunc(LPVOID param) {
    #####:  616:    const ThreadIdAndHandle* tah =
        -:  617:        reinterpret_cast<const ThreadIdAndHandle*>(param);
    #####:  618:    GTEST_CHECK_(::WaitForSingleObject(tah->second, INFINITE) == WAIT_OBJECT_0);
    %%%%%:  618-block  0
call    0 never executed
call    1 never executed
branch  2 never executed
branch  3 never executed
    %%%%%:  618-block  1
call    4 never executed
call    5 never executed
call    6 never executed
branch  7 never executed
branch  8 never executed
    %%%%%:  618-block  2
call    9 never executed
    $$$$$:  618-block  3
call   10 never executed
    #####:  619:    OnThreadExit(tah->first);
    %%%%%:  619-block  0
call    0 never executed
    #####:  620:    ::CloseHandle(tah->second);
call    0 never executed
    #####:  621:    delete tah;
call    0 never executed
    #####:  622:    return 0;
    %%%%%:  622-block  0
        -:  623:  }
        -:  624:
        -:  625:  // Returns map of thread local instances.
function _ZN7testing8internal23ThreadLocalRegistryImpl24GetThreadLocalsMapLockedEv called 0 returned 0% blocks executed 0%
    #####:  626:  static ThreadIdToThreadLocals* GetThreadLocalsMapLocked() {
    #####:  627:    mutex_.AssertHeld();
    %%%%%:  627-block  0
call    0 never executed
        -:  628:#ifdef _MSC_VER
        -:  629:    MemoryIsNotDeallocated memory_is_not_deallocated;
        -:  630:#endif  // _MSC_VER
    #####:  631:    static ThreadIdToThreadLocals* map = new ThreadIdToThreadLocals();
branch  0 never executed
branch  1 never executed
    %%%%%:  631-block  0
call    2 never executed
branch  3 never executed
branch  4 never executed
    %%%%%:  631-block  1
call    5 never executed
branch  6 never executed
branch  7 never executed
    %%%%%:  631-block  2
call    8 never executed
call    9 never executed
    $$$$$:  631-block  3
branch 10 never executed
branch 11 never executed
    $$$$$:  631-block  4
call   12 never executed
    #####:  632:    return map;
    %%%%%:  632-block  0
    %%%%%:  632-block  1
        -:  633:  }
        -:  634:
        -:  635:  // Protects access to GetThreadLocalsMapLocked() and its return value.
        -:  636:  static Mutex mutex_;
        -:  637:  // Protects access to GetThreadMapLocked() and its return value.
        -:  638:  static Mutex thread_map_mutex_;
        -:  639:};
        -:  640:
        -:  641:Mutex ThreadLocalRegistryImpl::mutex_(Mutex::kStaticMutex);  // NOLINT
        -:  642:Mutex ThreadLocalRegistryImpl::thread_map_mutex_(
        -:  643:    Mutex::kStaticMutex);  // NOLINT
        -:  644:
function _ZN7testing8internal19ThreadLocalRegistry23GetValueOnCurrentThreadEPKNS0_15ThreadLocalBaseE called 0 returned 0% blocks executed 0%
    #####:  645:ThreadLocalValueHolderBase* ThreadLocalRegistry::GetValueOnCurrentThread(
        -:  646:    const ThreadLocalBase* thread_local_instance) {
    #####:  647:  return ThreadLocalRegistryImpl::GetValueOnCurrentThread(
    %%%%%:  647-block  0
call    0 never executed
    #####:  648:      thread_local_instance);
        -:  649:}
        -:  650:
function _ZN7testing8internal19ThreadLocalRegistry22OnThreadLocalDestroyedEPKNS0_15ThreadLocalBaseE called 0 returned 0% blocks executed 0%
    #####:  651:void ThreadLocalRegistry::OnThreadLocalDestroyed(
        -:  652:    const ThreadLocalBase* thread_local_instance) {
    #####:  653:  ThreadLocalRegistryImpl::OnThreadLocalDestroyed(thread_local_instance);
    %%%%%:  653-block  0
call    0 never executed
    #####:  654:}
        -:  655:
        -:  656:#endif  // GTEST_IS_THREADSAFE && GTEST_OS_WINDOWS
        -:  657:
        -:  658:#if GTEST_USES_POSIX_RE
        -:  659:
        -:  660:// Implements RE.  Currently only needed for death tests.
        -:  661:
        -:  662:RE::~RE() {
        -:  663:  if (is_valid_) {
        -:  664:    // regfree'ing an invalid regex might crash because the content
        -:  665:    // of the regex is undefined. Since the regex's are essentially
        -:  666:    // the same, one cannot be valid (or invalid) without the other
        -:  667:    // being so too.
        -:  668:    regfree(&partial_regex_);
        -:  669:    regfree(&full_regex_);
        -:  670:  }
        -:  671:  free(const_cast<char*>(pattern_));
        -:  672:}
        -:  673:
        -:  674:// Returns true if and only if regular expression re matches the entire str.
        -:  675:bool RE::FullMatch(const char* str, const RE& re) {
        -:  676:  if (!re.is_valid_) return false;
        -:  677:
        -:  678:  regmatch_t match;
        -:  679:  return regexec(&re.full_regex_, str, 1, &match, 0) == 0;
        -:  680:}
        -:  681:
        -:  682:// Returns true if and only if regular expression re matches a substring of
        -:  683:// str (including str itself).
        -:  684:bool RE::PartialMatch(const char* str, const RE& re) {
        -:  685:  if (!re.is_valid_) return false;
        -:  686:
        -:  687:  regmatch_t match;
        -:  688:  return regexec(&re.partial_regex_, str, 1, &match, 0) == 0;
        -:  689:}
        -:  690:
        -:  691:// Initializes an RE from its string representation.
        -:  692:void RE::Init(const char* regex) {
        -:  693:  pattern_ = posix::StrDup(regex);
        -:  694:
        -:  695:  // Reserves enough bytes to hold the regular expression used for a
        -:  696:  // full match.
        -:  697:  const size_t full_regex_len = strlen(regex) + 10;
        -:  698:  char* const full_pattern = new char[full_regex_len];
        -:  699:
        -:  700:  snprintf(full_pattern, full_regex_len, "^(%s)$", regex);
        -:  701:  is_valid_ = regcomp(&full_regex_, full_pattern, REG_EXTENDED) == 0;
        -:  702:  // We want to call regcomp(&partial_regex_, ...) even if the
        -:  703:  // previous expression returns false.  Otherwise partial_regex_ may
        -:  704:  // not be properly initialized can may cause trouble when it's
        -:  705:  // freed.
        -:  706:  //
        -:  707:  // Some implementation of POSIX regex (e.g. on at least some
        -:  708:  // versions of Cygwin) doesn't accept the empty string as a valid
        -:  709:  // regex.  We change it to an equivalent form "()" to be safe.
        -:  710:  if (is_valid_) {
        -:  711:    const char* const partial_regex = (*regex == '\0') ? "()" : regex;
        -:  712:    is_valid_ = regcomp(&partial_regex_, partial_regex, REG_EXTENDED) == 0;
        -:  713:  }
        -:  714:  EXPECT_TRUE(is_valid_)
        -:  715:      << "Regular expression \"" << regex
        -:  716:      << "\" is not a valid POSIX Extended regular expression.";
        -:  717:
        -:  718:  delete[] full_pattern;
        -:  719:}
        -:  720:
        -:  721:#elif GTEST_USES_SIMPLE_RE
        -:  722:
        -:  723:// Returns true if and only if ch appears anywhere in str (excluding the
        -:  724:// terminating '\0' character).
function _ZN7testing8internal7IsInSetEcPKc called 0 returned 0% blocks executed 0%
    #####:  725:bool IsInSet(char ch, const char* str) {
    #####:  726:  return ch != '\0' && strchr(str, ch) != nullptr;
    %%%%%:  726-block  0
branch  0 never executed
branch  1 never executed
    %%%%%:  726-block  1
branch  2 never executed
branch  3 never executed
    %%%%%:  726-block  2
    %%%%%:  726-block  3
    %%%%%:  726-block  4
        -:  727:}
        -:  728:
        -:  729:// Returns true if and only if ch belongs to the given classification.
        -:  730:// Unlike similar functions in <ctype.h>, these aren't affected by the
        -:  731:// current locale.
function _ZN7testing8internal12IsAsciiDigitEc called 0 returned 0% blocks executed 0%
    #####:  732:bool IsAsciiDigit(char ch) { return '0' <= ch && ch <= '9'; }
    %%%%%:  732-block  0
branch  0 never executed
branch  1 never executed
    %%%%%:  732-block  1
branch  2 never executed
branch  3 never executed
    %%%%%:  732-block  2
    %%%%%:  732-block  3
    %%%%%:  732-block  4
function _ZN7testing8internal12IsAsciiPunctEc called 0 returned 0% blocks executed 0%
    #####:  733:bool IsAsciiPunct(char ch) {
    #####:  734:  return IsInSet(ch, "^-!\"#$%&'()*+,./:;<=>?@[\\]_`{|}~");
    %%%%%:  734-block  0
call    0 never executed
        -:  735:}
function _ZN7testing8internal8IsRepeatEc called 0 returned 0% blocks executed 0%
    #####:  736:bool IsRepeat(char ch) { return IsInSet(ch, "?*+"); }
    %%%%%:  736-block  0
call    0 never executed
function _ZN7testing8internal17IsAsciiWhiteSpaceEc called 0 returned 0% blocks executed 0%
    #####:  737:bool IsAsciiWhiteSpace(char ch) { return IsInSet(ch, " \f\n\r\t\v"); }
    %%%%%:  737-block  0
call    0 never executed
function _ZN7testing8internal15IsAsciiWordCharEc called 0 returned 0% blocks executed 0%
    #####:  738:bool IsAsciiWordChar(char ch) {
    #####:  739:  return ('a' <= ch && ch <= 'z') || ('A' <= ch && ch <= 'Z') ||
    %%%%%:  739-block  0
branch  0 never executed
branch  1 never executed
    %%%%%:  739-block  1
branch  2 never executed
branch  3 never executed
    %%%%%:  739-block  2
branch  4 never executed
branch  5 never executed
    %%%%%:  739-block  3
branch  6 never executed
branch  7 never executed
    #####:  740:         ('0' <= ch && ch <= '9') || ch == '_';
    %%%%%:  740-block  0
branch  0 never executed
branch  1 never executed
    %%%%%:  740-block  1
branch  2 never executed
branch  3 never executed
    %%%%%:  740-block  2
branch  4 never executed
branch  5 never executed
    %%%%%:  740-block  3
    %%%%%:  740-block  4
    %%%%%:  740-block  5
        -:  741:}
        -:  742:
        -:  743:// Returns true if and only if "\\c" is a supported escape sequence.
function _ZN7testing8internal13IsValidEscapeEc called 0 returned 0% blocks executed 0%
    #####:  744:bool IsValidEscape(char c) {
    #####:  745:  return (IsAsciiPunct(c) || IsInSet(c, "dDfnrsStvwW"));
    %%%%%:  745-block  0
call    0 never executed
branch  1 never executed
branch  2 never executed
    %%%%%:  745-block  1
call    3 never executed
branch  4 never executed
branch  5 never executed
    %%%%%:  745-block  2
    %%%%%:  745-block  3
    %%%%%:  745-block  4
        -:  746:}
        -:  747:
        -:  748:// Returns true if and only if the given atom (specified by escaped and
        -:  749:// pattern) matches ch.  The result is undefined if the atom is invalid.
function _ZN7testing8internal15AtomMatchesCharEbcc called 0 returned 0% blocks executed 0%
    #####:  750:bool AtomMatchesChar(bool escaped, char pattern_char, char ch) {
    #####:  751:  if (escaped) {  // "\\p" where p is pattern_char.
    %%%%%:  751-block  0
branch  0 never executed
branch  1 never executed
    #####:  752:    switch (pattern_char) {
    %%%%%:  752-block  0
branch  0 never executed
branch  1 never executed
branch  2 never executed
branch  3 never executed
branch  4 never executed
branch  5 never executed
branch  6 never executed
branch  7 never executed
branch  8 never executed
branch  9 never executed
branch 10 never executed
branch 11 never executed
    #####:  753:      case 'd':
    #####:  754:        return IsAsciiDigit(ch);
    %%%%%:  754-block  0
call    0 never executed
    #####:  755:      case 'D':
    #####:  756:        return !IsAsciiDigit(ch);
    %%%%%:  756-block  0
call    0 never executed
    #####:  757:      case 'f':
    #####:  758:        return ch == '\f';
    %%%%%:  758-block  0
    #####:  759:      case 'n':
    #####:  760:        return ch == '\n';
    %%%%%:  760-block  0
    #####:  761:      case 'r':
    #####:  762:        return ch == '\r';
    %%%%%:  762-block  0
    #####:  763:      case 's':
    #####:  764:        return IsAsciiWhiteSpace(ch);
    %%%%%:  764-block  0
call    0 never executed
    #####:  765:      case 'S':
    #####:  766:        return !IsAsciiWhiteSpace(ch);
    %%%%%:  766-block  0
call    0 never executed
    #####:  767:      case 't':
    #####:  768:        return ch == '\t';
    %%%%%:  768-block  0
    #####:  769:      case 'v':
    #####:  770:        return ch == '\v';
    %%%%%:  770-block  0
    #####:  771:      case 'w':
    #####:  772:        return IsAsciiWordChar(ch);
    %%%%%:  772-block  0
call    0 never executed
    #####:  773:      case 'W':
    #####:  774:        return !IsAsciiWordChar(ch);
    %%%%%:  774-block  0
call    0 never executed
        -:  775:    }
    #####:  776:    return IsAsciiPunct(pattern_char) && pattern_char == ch;
    %%%%%:  776-block  0
call    0 never executed
branch  1 never executed
branch  2 never executed
    %%%%%:  776-block  1
branch  3 never executed
branch  4 never executed
    %%%%%:  776-block  2
    %%%%%:  776-block  3
    %%%%%:  776-block  4
        -:  777:  }
        -:  778:
    #####:  779:  return (pattern_char == '.' && ch != '\n') || pattern_char == ch;
    %%%%%:  779-block  0
branch  0 never executed
branch  1 never executed
    %%%%%:  779-block  1
branch  2 never executed
branch  3 never executed
    %%%%%:  779-block  2
branch  4 never executed
branch  5 never executed
    %%%%%:  779-block  3
    %%%%%:  779-block  4
    %%%%%:  779-block  5
        -:  780:}
        -:  781:
        -:  782:// Helper function used by ValidateRegex() to format error messages.
function _ZN7testing8internalL22FormatRegexSyntaxErrorEPKci called 0 returned 0% blocks executed 0%
    #####:  783:static std::string FormatRegexSyntaxError(const char* regex, int index) {
    #####:  784:  return (Message() << "Syntax error at index " << index
    %%%%%:  784-block  0
call    0 never executed
call    1 never executed
branch  2 never executed
branch  3 never executed
    %%%%%:  784-block  1
call    4 never executed
branch  5 never executed
branch  6 never executed
    %%%%%:  784-block  2
call    7 never executed
    $$$$$:  784-block  3
call    8 never executed
    #####:  785:                    << " in simple regular expression \"" << regex << "\": ")
    %%%%%:  785-block  0
call    0 never executed
branch  1 never executed
branch  2 never executed
    %%%%%:  785-block  1
call    3 never executed
branch  4 never executed
branch  5 never executed
    %%%%%:  785-block  2
call    6 never executed
branch  7 never executed
branch  8 never executed
    #####:  786:      .GetString();
    %%%%%:  786-block  0
call    0 never executed
branch  1 never executed
branch  2 never executed
    %%%%%:  786-block  1
    %%%%%:  786-block  2
        -:  787:}
        -:  788:
        -:  789:// Generates non-fatal failures and returns false if regex is invalid;
        -:  790:// otherwise returns true.
function _ZN7testing8internal13ValidateRegexEPKc called 0 returned 0% blocks executed 0%
    #####:  791:bool ValidateRegex(const char* regex) {
    #####:  792:  if (regex == nullptr) {
    %%%%%:  792-block  0
branch  0 never executed
branch  1 never executed
    #####:  793:    ADD_FAILURE() << "NULL is not a valid simple regular expression.";
    %%%%%:  793-block  0
call    0 never executed
call    1 never executed
branch  2 never executed
branch  3 never executed
    %%%%%:  793-block  1
call    4 never executed
branch  5 never executed
branch  6 never executed
    %%%%%:  793-block  2
call    7 never executed
branch  8 never executed
branch  9 never executed
    %%%%%:  793-block  3
call   10 never executed
call   11 never executed
    $$$$$:  793-block  4
call   12 never executed
    $$$$$:  793-block  5
    $$$$$:  793-block  6
call   13 never executed
    $$$$$:  793-block  7
call   14 never executed
    #####:  794:    return false;
        -:  795:  }
        -:  796:
    #####:  797:  bool is_valid = true;
        -:  798:
        -:  799:  // True if and only if ?, *, or + can follow the previous atom.
    #####:  800:  bool prev_repeatable = false;
    #####:  801:  for (int i = 0; regex[i]; i++) {
    %%%%%:  801-block  0
    %%%%%:  801-block  1
branch  0 never executed
branch  1 never executed
    %%%%%:  801-block  2
    #####:  802:    if (regex[i] == '\\') {  // An escape sequence
    %%%%%:  802-block  0
branch  0 never executed
branch  1 never executed
    #####:  803:      i++;
    #####:  804:      if (regex[i] == '\0') {
    %%%%%:  804-block  0
branch  0 never executed
branch  1 never executed
    #####:  805:        ADD_FAILURE() << FormatRegexSyntaxError(regex, i - 1)
    %%%%%:  805-block  0
call    0 never executed
call    1 never executed
branch  2 never executed
branch  3 never executed
    %%%%%:  805-block  1
call    4 never executed
branch  5 never executed
branch  6 never executed
    %%%%%:  805-block  2
call    7 never executed
branch  8 never executed
branch  9 never executed
    %%%%%:  805-block  3
call   10 never executed
call   11 never executed
call   12 never executed
    $$$$$:  805-block  4
call   13 never executed
    $$$$$:  805-block  5
    $$$$$:  805-block  6
call   14 never executed
    $$$$$:  805-block  7
    $$$$$:  805-block  8
call   15 never executed
    $$$$$:  805-block  9
call   16 never executed
    #####:  806:                      << "'\\' cannot appear at the end.";
    %%%%%:  806-block  0
call    0 never executed
branch  1 never executed
branch  2 never executed
    %%%%%:  806-block  1
call    3 never executed
branch  4 never executed
branch  5 never executed
    #####:  807:        return false;
        -:  808:      }
        -:  809:
    #####:  810:      if (!IsValidEscape(regex[i])) {
    %%%%%:  810-block  0
call    0 never executed
branch  1 never executed
branch  2 never executed
    #####:  811:        ADD_FAILURE() << FormatRegexSyntaxError(regex, i - 1)
    %%%%%:  811-block  0
call    0 never executed
call    1 never executed
branch  2 never executed
branch  3 never executed
    %%%%%:  811-block  1
call    4 never executed
branch  5 never executed
branch  6 never executed
    %%%%%:  811-block  2
call    7 never executed
branch  8 never executed
branch  9 never executed
    %%%%%:  811-block  3
call   10 never executed
call   11 never executed
call   12 never executed
    $$$$$:  811-block  4
call   13 never executed
    $$$$$:  811-block  5
    $$$$$:  811-block  6
call   14 never executed
    $$$$$:  811-block  7
    $$$$$:  811-block  8
call   15 never executed
    $$$$$:  811-block  9
call   16 never executed
    #####:  812:                      << "invalid escape sequence \"\\" << regex[i] << "\".";
    %%%%%:  812-block  0
call    0 never executed
branch  1 never executed
branch  2 never executed
    %%%%%:  812-block  1
call    3 never executed
branch  4 never executed
branch  5 never executed
    %%%%%:  812-block  2
call    6 never executed
branch  7 never executed
branch  8 never executed
    %%%%%:  812-block  3
call    9 never executed
branch 10 never executed
branch 11 never executed
    #####:  813:        is_valid = false;
        -:  814:      }
    #####:  815:      prev_repeatable = true;
    %%%%%:  815-block  0
        -:  816:    } else {  // Not an escape sequence.
    #####:  817:      const char ch = regex[i];
        -:  818:
    #####:  819:      if (ch == '^' && i > 0) {
    %%%%%:  819-block  0
branch  0 never executed
branch  1 never executed
    %%%%%:  819-block  1
branch  2 never executed
branch  3 never executed
    #####:  820:        ADD_FAILURE() << FormatRegexSyntaxError(regex, i)
    %%%%%:  820-block  0
call    0 never executed
branch  1 never executed
branch  2 never executed
    %%%%%:  820-block  1
call    3 never executed
branch  4 never executed
branch  5 never executed
    %%%%%:  820-block  2
call    6 never executed
branch  7 never executed
branch  8 never executed
    %%%%%:  820-block  3
call    9 never executed
branch 10 never executed
branch 11 never executed
    %%%%%:  820-block  4
call   12 never executed
call   13 never executed
call   14 never executed
    $$$$$:  820-block  5
call   15 never executed
    $$$$$:  820-block  6
    $$$$$:  820-block  7
call   16 never executed
    $$$$$:  820-block  8
    $$$$$:  820-block  9
call   17 never executed
    $$$$$:  820-block 10
    #####:  821:                      << "'^' can only appear at the beginning.";
    %%%%%:  821-block  0
call    0 never executed
branch  1 never executed
branch  2 never executed
    %%%%%:  821-block  1
call    3 never executed
branch  4 never executed
branch  5 never executed
    #####:  822:        is_valid = false;
    #####:  823:      } else if (ch == '$' && regex[i + 1] != '\0') {
    %%%%%:  823-block  0
branch  0 never executed
branch  1 never executed
    %%%%%:  823-block  1
branch  2 never executed
branch  3 never executed
    #####:  824:        ADD_FAILURE() << FormatRegexSyntaxError(regex, i)
    %%%%%:  824-block  0
call    0 never executed
branch  1 never executed
branch  2 never executed
    %%%%%:  824-block  1
call    3 never executed
branch  4 never executed
branch  5 never executed
    %%%%%:  824-block  2
call    6 never executed
branch  7 never executed
branch  8 never executed
    %%%%%:  824-block  3
call    9 never executed
branch 10 never executed
branch 11 never executed
    %%%%%:  824-block  4
call   12 never executed
call   13 never executed
call   14 never executed
    $$$$$:  824-block  5
call   15 never executed
    $$$$$:  824-block  6
    $$$$$:  824-block  7
call   16 never executed
    $$$$$:  824-block  8
    $$$$$:  824-block  9
call   17 never executed
    $$$$$:  824-block 10
    #####:  825:                      << "'$' can only appear at the end.";
    %%%%%:  825-block  0
call    0 never executed
branch  1 never executed
branch  2 never executed
    %%%%%:  825-block  1
call    3 never executed
branch  4 never executed
branch  5 never executed
    #####:  826:        is_valid = false;
    #####:  827:      } else if (IsInSet(ch, "()[]{}|")) {
    %%%%%:  827-block  0
call    0 never executed
branch  1 never executed
branch  2 never executed
    #####:  828:        ADD_FAILURE() << FormatRegexSyntaxError(regex, i) << "'" << ch
    %%%%%:  828-block  0
call    0 never executed
branch  1 never executed
branch  2 never executed
    %%%%%:  828-block  1
call    3 never executed
branch  4 never executed
branch  5 never executed
    %%%%%:  828-block  2
call    6 never executed
branch  7 never executed
branch  8 never executed
    %%%%%:  828-block  3
call    9 never executed
branch 10 never executed
branch 11 never executed
    %%%%%:  828-block  4
call   12 never executed
branch 13 never executed
branch 14 never executed
    %%%%%:  828-block  5
call   15 never executed
branch 16 never executed
branch 17 never executed
    %%%%%:  828-block  6
call   18 never executed
call   19 never executed
call   20 never executed
    $$$$$:  828-block  7
call   21 never executed
    $$$$$:  828-block  8
    $$$$$:  828-block  9
call   22 never executed
    $$$$$:  828-block 10
    $$$$$:  828-block 11
call   23 never executed
    $$$$$:  828-block 12
    #####:  829:                      << "' is unsupported.";
    %%%%%:  829-block  0
call    0 never executed
branch  1 never executed
branch  2 never executed
    %%%%%:  829-block  1
call    3 never executed
branch  4 never executed
branch  5 never executed
    #####:  830:        is_valid = false;
    #####:  831:      } else if (IsRepeat(ch) && !prev_repeatable) {
    %%%%%:  831-block  0
call    0 never executed
branch  1 never executed
branch  2 never executed
    %%%%%:  831-block  1
branch  3 never executed
branch  4 never executed
    %%%%%:  831-block  2
    %%%%%:  831-block  3
    %%%%%:  831-block  4
branch  5 never executed
branch  6 never executed
    #####:  832:        ADD_FAILURE() << FormatRegexSyntaxError(regex, i) << "'" << ch
    %%%%%:  832-block  0
call    0 never executed
branch  1 never executed
branch  2 never executed
    %%%%%:  832-block  1
call    3 never executed
branch  4 never executed
branch  5 never executed
    %%%%%:  832-block  2
call    6 never executed
branch  7 never executed
branch  8 never executed
    %%%%%:  832-block  3
call    9 never executed
branch 10 never executed
branch 11 never executed
    %%%%%:  832-block  4
call   12 never executed
branch 13 never executed
branch 14 never executed
    %%%%%:  832-block  5
call   15 never executed
branch 16 never executed
branch 17 never executed
    %%%%%:  832-block  6
call   18 never executed
call   19 never executed
call   20 never executed
    $$$$$:  832-block  7
call   21 never executed
    $$$$$:  832-block  8
    $$$$$:  832-block  9
call   22 never executed
    $$$$$:  832-block 10
    $$$$$:  832-block 11
call   23 never executed
    $$$$$:  832-block 12
    #####:  833:                      << "' can only follow a repeatable token.";
    %%%%%:  833-block  0
call    0 never executed
branch  1 never executed
branch  2 never executed
    %%%%%:  833-block  1
call    3 never executed
branch  4 never executed
branch  5 never executed
    #####:  834:        is_valid = false;
        -:  835:      }
        -:  836:
    #####:  837:      prev_repeatable = !IsInSet(ch, "^$?*+");
    %%%%%:  837-block  0
call    0 never executed
        -:  838:    }
        -:  839:  }
        -:  840:
    #####:  841:  return is_valid;
    %%%%%:  841-block  0
        -:  842:}
        -:  843:
        -:  844:// Matches a repeated regex atom followed by a valid simple regular
        -:  845:// expression.  The regex atom is defined as c if escaped is false,
        -:  846:// or \c otherwise.  repeat is the repetition meta character (?, *,
        -:  847:// or +).  The behavior is undefined if str contains too many
        -:  848:// characters to be indexable by size_t, in which case the test will
        -:  849:// probably time out anyway.  We are fine with this limitation as
        -:  850:// std::string has it too.
function _ZN7testing8internal29MatchRepetitionAndRegexAtHeadEbccPKcS2_ called 0 returned 0% blocks executed 0%
    #####:  851:bool MatchRepetitionAndRegexAtHead(bool escaped, char c, char repeat,
        -:  852:                                   const char* regex, const char* str) {
    #####:  853:  const size_t min_count = (repeat == '+') ? 1 : 0;
    %%%%%:  853-block  0
branch  0 never executed
branch  1 never executed
    %%%%%:  853-block  1
    %%%%%:  853-block  2
    #####:  854:  const size_t max_count = (repeat == '?') ? 1 : static_cast<size_t>(-1) - 1;
    %%%%%:  854-block  0
branch  0 never executed
branch  1 never executed
    %%%%%:  854-block  1
    %%%%%:  854-block  2
        -:  855:  // We cannot call numeric_limits::max() as it conflicts with the
        -:  856:  // max() macro on Windows.
        -:  857:
    #####:  858:  for (size_t i = 0; i <= max_count; ++i) {
    %%%%%:  858-block  0
    %%%%%:  858-block  1
branch  0 never executed
branch  1 never executed
    %%%%%:  858-block  2
        -:  859:    // We know that the atom matches each of the first i characters in str.
    #####:  860:    if (i >= min_count && MatchRegexAtHead(regex, str + i)) {
    %%%%%:  860-block  0
branch  0 never executed
branch  1 never executed
    %%%%%:  860-block  1
call    2 never executed
branch  3 never executed
branch  4 never executed
    %%%%%:  860-block  2
    %%%%%:  860-block  3
    %%%%%:  860-block  4
branch  5 never executed
branch  6 never executed
        -:  861:      // We have enough matches at the head, and the tail matches too.
        -:  862:      // Since we only care about *whether* the pattern matches str
        -:  863:      // (as opposed to *how* it matches), there is no need to find a
        -:  864:      // greedy match.
    #####:  865:      return true;
    %%%%%:  865-block  0
        -:  866:    }
    #####:  867:    if (str[i] == '\0' || !AtomMatchesChar(escaped, c, str[i])) return false;
    %%%%%:  867-block  0
branch  0 never executed
branch  1 never executed
    %%%%%:  867-block  1
call    2 never executed
branch  3 never executed
branch  4 never executed
    %%%%%:  867-block  2
    %%%%%:  867-block  3
    %%%%%:  867-block  4
branch  5 never executed
branch  6 never executed
    %%%%%:  867-block  5
        -:  868:  }
    #####:  869:  return false;
    %%%%%:  869-block  0
        -:  870:}
        -:  871:
        -:  872:// Returns true if and only if regex matches a prefix of str. regex must
        -:  873:// be a valid simple regular expression and not start with "^", or the
        -:  874:// result is undefined.
function _ZN7testing8internal16MatchRegexAtHeadEPKcS2_ called 0 returned 0% blocks executed 0%
    #####:  875:bool MatchRegexAtHead(const char* regex, const char* str) {
    #####:  876:  if (*regex == '\0')  // An empty regex matches a prefix of anything.
    %%%%%:  876-block  0
branch  0 never executed
branch  1 never executed
    #####:  877:    return true;
    %%%%%:  877-block  0
        -:  878:
        -:  879:  // "$" only matches the end of a string.  Note that regex being
        -:  880:  // valid guarantees that there's nothing after "$" in it.
    #####:  881:  if (*regex == '$') return *str == '\0';
    %%%%%:  881-block  0
branch  0 never executed
branch  1 never executed
    %%%%%:  881-block  1
        -:  882:
        -:  883:  // Is the first thing in regex an escape sequence?
    #####:  884:  const bool escaped = *regex == '\\';
    #####:  885:  if (escaped) ++regex;
    %%%%%:  885-block  0
branch  0 never executed
branch  1 never executed
    %%%%%:  885-block  1
    #####:  886:  if (IsRepeat(regex[1])) {
    %%%%%:  886-block  0
call    0 never executed
branch  1 never executed
branch  2 never executed
        -:  887:    // MatchRepetitionAndRegexAtHead() calls MatchRegexAtHead(), so
        -:  888:    // here's an indirect recursion.  It terminates as the regex gets
        -:  889:    // shorter in each recursion.
    #####:  890:    return MatchRepetitionAndRegexAtHead(escaped, regex[0], regex[1], regex + 2,
    %%%%%:  890-block  0
call    0 never executed
    #####:  891:                                         str);
        -:  892:  } else {
        -:  893:    // regex isn't empty, isn't "$", and doesn't start with a
        -:  894:    // repetition.  We match the first atom of regex with the first
        -:  895:    // character of str and recurse.
    #####:  896:    return (*str != '\0') && AtomMatchesChar(escaped, *regex, *str) &&
    %%%%%:  896-block  0
branch  0 never executed
branch  1 never executed
    %%%%%:  896-block  1
call    2 never executed
branch  3 never executed
branch  4 never executed
    %%%%%:  896-block  2
    %%%%%:  896-block  3
    #####:  897:           MatchRegexAtHead(regex + 1, str + 1);
    %%%%%:  897-block  0
call    0 never executed
branch  1 never executed
branch  2 never executed
    %%%%%:  897-block  1
        -:  898:  }
        -:  899:}
        -:  900:
        -:  901:// Returns true if and only if regex matches any substring of str.  regex must
        -:  902:// be a valid simple regular expression, or the result is undefined.
        -:  903://
        -:  904:// The algorithm is recursive, but the recursion depth doesn't exceed
        -:  905:// the regex length, so we won't need to worry about running out of
        -:  906:// stack space normally.  In rare cases the time complexity can be
        -:  907:// exponential with respect to the regex length + the string length,
        -:  908:// but usually it's must faster (often close to linear).
function _ZN7testing8internal18MatchRegexAnywhereEPKcS2_ called 0 returned 0% blocks executed 0%
    #####:  909:bool MatchRegexAnywhere(const char* regex, const char* str) {
    #####:  910:  if (regex == nullptr || str == nullptr) return false;
    %%%%%:  910-block  0
branch  0 never executed
branch  1 never executed
    %%%%%:  910-block  1
branch  2 never executed
branch  3 never executed
    %%%%%:  910-block  2
        -:  911:
    #####:  912:  if (*regex == '^') return MatchRegexAtHead(regex + 1, str);
    %%%%%:  912-block  0
branch  0 never executed
branch  1 never executed
    %%%%%:  912-block  1
call    2 never executed
        -:  913:
        -:  914:  // A successful match can be anywhere in str.
    #####:  915:  do {
    %%%%%:  915-block  0
    #####:  916:    if (MatchRegexAtHead(regex, str)) return true;
    %%%%%:  916-block  0
call    0 never executed
branch  1 never executed
branch  2 never executed
    %%%%%:  916-block  1
    #####:  917:  } while (*str++ != '\0');
    %%%%%:  917-block  0
branch  0 never executed
branch  1 never executed
    #####:  918:  return false;
    %%%%%:  918-block  0
        -:  919:}
        -:  920:
        -:  921:// Implements the RE class.
        -:  922:
function _ZN7testing8internal2RED2Ev called 0 returned 0% blocks executed 0%
    #####:  923:RE::~RE() {
    #####:  924:  free(const_cast<char*>(pattern_));
[...]
    %%%%%: 1203-block  0
call    0 never executed
    #####: 1204:  return static_cast<size_t>(ftell(file));
call    0 never executed
        -: 1205:}
        -: 1206:
function _ZN7testing8internal14ReadEntireFileB5cxx11EP6_iobuf called 0 returned 0% blocks executed 0%
    #####: 1207:std::string ReadEntireFile(FILE* file) {
    #####: 1208:  const size_t file_size = GetFileSize(file);
    %%%%%: 1208-block  0
call    0 never executed
    #####: 1209:  char* const buffer = new char[file_size];
call    0 never executed
        -: 1210:
    #####: 1211:  size_t bytes_last_read = 0;  // # of bytes read in the last fread()
    #####: 1212:  size_t bytes_read = 0;       // # of bytes read so far
        -: 1213:
    #####: 1214:  fseek(file, 0, SEEK_SET);
call    0 never executed
        -: 1215:
        -: 1216:  // Keeps reading the file until we cannot read further or the
        -: 1217:  // pre-determined file size is reached.
    #####: 1218:  do {
    %%%%%: 1218-block  0
        -: 1219:    bytes_last_read =
    #####: 1220:        fread(buffer + bytes_read, 1, file_size - bytes_read, file);
    %%%%%: 1220-block  0
call    0 never executed
    #####: 1221:    bytes_read += bytes_last_read;
    #####: 1222:  } while (bytes_last_read > 0 && bytes_read < file_size);
branch  0 never executed
branch  1 never executed
    %%%%%: 1222-block  0
branch  2 never executed
branch  3 never executed
        -: 1223:
    #####: 1224:  const std::string content(buffer, bytes_read);
    %%%%%: 1224-block  0
call    0 never executed
call    1 never executed
branch  2 never executed
branch  3 never executed
    #####: 1225:  delete[] buffer;
branch  0 never executed
branch  1 never executed
    %%%%%: 1225-block  0
call    2 never executed
        -: 1226:
    #####: 1227:  return content;
    %%%%%: 1227-block  0
    %%%%%: 1227-block  1
        -: 1228:}
        -: 1229:
        -: 1230:#if GTEST_HAS_DEATH_TEST
        -: 1231:static const std::vector<std::string>* g_injected_test_argvs =
        -: 1232:    nullptr;  // Owned.
        -: 1233:
function _ZN7testing8internal18GetInjectableArgvsB5cxx11Ev called 0 returned 0% blocks executed 0%
    #####: 1234:std::vector<std::string> GetInjectableArgvs() {
    #####: 1235:  if (g_injected_test_argvs != nullptr) {
    %%%%%: 1235-block  0
branch  0 never executed
branch  1 never executed
    #####: 1236:    return *g_injected_test_argvs;
    %%%%%: 1236-block  0
call    0 never executed
        -: 1237:  }
    #####: 1238:  return GetArgvs();
    %%%%%: 1238-block  0
call    0 never executed
        -: 1239:}
        -: 1240:
function _ZN7testing8internal18SetInjectableArgvsEPKSt6vectorINSt7__cxx1112basic_stringIcSt11char_traitsIcESaIcEEESaIS7_EE called 0 returned 0% blocks executed 0%
    #####: 1241:void SetInjectableArgvs(const std::vector<std::string>* new_argvs) {
    #####: 1242:  if (g_injected_test_argvs != new_argvs) delete g_injected_test_argvs;
    %%%%%: 1242-block  0
branch  0 never executed
branch  1 never executed
    %%%%%: 1242-block  1
branch  2 never executed
branch  3 never executed
    %%%%%: 1242-block  2
call    4 never executed
call    5 never executed
    #####: 1243:  g_injected_test_argvs = new_argvs;
    #####: 1244:}
        -: 1245:
function _ZN7testing8internal18SetInjectableArgvsERKSt6vectorINSt7__cxx1112basic_stringIcSt11char_traitsIcESaIcEEESaIS7_EE called 0 returned 0% blocks executed 0%
    #####: 1246:void SetInjectableArgvs(const std::vector<std::string>& new_argvs) {
    #####: 1247:  SetInjectableArgvs(
call    0 never executed
    %%%%%: 1247-block  0
call    1 never executed
call    2 never executed
    $$$$$: 1247-block  1
call    3 never executed
    $$$$$: 1247-block  2
    #####: 1248:      new std::vector<std::string>(new_argvs.begin(), new_argvs.end()));
    %%%%%: 1248-block  0
call    0 never executed
call    1 never executed
call    2 never executed
branch  3 never executed
branch  4 never executed
    %%%%%: 1248-block  1
call    5 never executed
branch  6 never executed
branch  7 never executed
    $$$$$: 1248-block  2
call    8 never executed
    $$$$$: 1248-block  3
    #####: 1249:}
        -: 1250:
function _ZN7testing8internal20ClearInjectableArgvsEv called 0 returned 0% blocks executed 0%
    #####: 1251:void ClearInjectableArgvs() {
    #####: 1252:  delete g_injected_test_argvs;
    %%%%%: 1252-block  0
branch  0 never executed
branch  1 never executed
    %%%%%: 1252-block  1
call    2 never executed
call    3 never executed
    #####: 1253:  g_injected_test_argvs = nullptr;
    #####: 1254:}
        -: 1255:#endif  // GTEST_HAS_DEATH_TEST
        -: 1256:
        -: 1257:#if GTEST_OS_WINDOWS_MOBILE
        -: 1258:namespace posix {
        -: 1259:void Abort() {
        -: 1260:  DebugBreak();
        -: 1261:  TerminateProcess(GetCurrentProcess(), 1);
        -: 1262:}
        -: 1263:}  // namespace posix
        -: 1264:#endif  // GTEST_OS_WINDOWS_MOBILE
        -: 1265:
        -: 1266:// Returns the name of the environment variable corresponding to the
        -: 1267:// given flag.  For example, FlagToEnvVar("foo") will return
        -: 1268:// "GTEST_FOO" in the open-source version.
function _ZN7testing8internalL12FlagToEnvVarEPKc called 21 returned 100% blocks executed 71%
       21: 1269:static std::string FlagToEnvVar(const char* flag) {
        -: 1270:  const std::string full_flag =
       42: 1271:      (Message() << GTEST_FLAG_PREFIX_ << flag).GetString();
       21: 1271-block  0
call    0 returned 21
branch  1 taken 21 (fallthrough)
branch  2 taken 0 (throw)
       21: 1271-block  1
call    3 returned 21
branch  4 taken 21 (fallthrough)
branch  5 taken 0 (throw)
       21: 1271-block  2
call    6 returned 21
branch  7 taken 21 (fallthrough)
branch  8 taken 0 (throw)
       21: 1271-block  3
call    9 returned 21
branch 10 taken 21 (fallthrough)
branch 11 taken 0 (throw)
call   12 returned 21
    $$$$$: 1271-block  4
    $$$$$: 1271-block  5
call   13 never executed
        -: 1272:
       42: 1273:  Message env_var;
call    0 returned 21
branch  1 taken 21 (fallthrough)
branch  2 taken 0 (throw)
       21: 1273-block  0
call    3 returned 21
    $$$$$: 1273-block  1
call    4 never executed
      435: 1274:  for (size_t i = 0; i != full_flag.length(); i++) {
       21: 1274-block  0
      435: 1274-block  1
call    0 returned 435
branch  1 taken 414 (fallthrough)
branch  2 taken 21
      414: 1275:    env_var << ToUpper(full_flag.c_str()[i]);
      414: 1275-block  0
call    0 returned 414
call    1 returned 414
call    2 returned 414
branch  3 taken 414 (fallthrough)
branch  4 taken 0 (throw)
      414: 1275-block  1
    $$$$$: 1275-block  2
        -: 1276:  }
        -: 1277:
       42: 1278:  return env_var.GetString();
       21: 1278-block  0
call    0 returned 21
branch  1 taken 21 (fallthrough)
branch  2 taken 0 (throw)
       21: 1278-block  1
       21: 1278-block  2
        -: 1279:}
        -: 1280:
        -: 1281:// Parses 'str' for a 32-bit signed integer.  If successful, writes
        -: 1282:// the result to *value and returns true; otherwise leaves *value
        -: 1283:// unchanged and returns false.
function _ZN7testing8internal10ParseInt32ERKNS_7MessageEPKcPi called 0 returned 0% blocks executed 0%
    #####: 1284:bool ParseInt32(const Message& src_text, const char* str, int32_t* value) {
        -: 1285:  // Parses the environment variable as a decimal integer.
    #####: 1286:  char* end = nullptr;
    #####: 1287:  const long long_value = strtol(str, &end, 10);  // NOLINT
    %%%%%: 1287-block  0
call    0 never executed
        -: 1288:
        -: 1289:  // Has strtol() consumed all characters in the string?
    #####: 1290:  if (*end != '\0') {
branch  0 never executed
branch  1 never executed
        -: 1291:    // No - an invalid character was encountered.
    #####: 1292:    Message msg;
    %%%%%: 1292-block  0
call    0 never executed
branch  1 never executed
branch  2 never executed
    $$$$$: 1292-block  1
call    3 never executed
    #####: 1293:    msg << "WARNING: " << src_text
    %%%%%: 1293-block  0
call    0 never executed
branch  1 never executed
branch  2 never executed
    %%%%%: 1293-block  1
call    3 never executed
branch  4 never executed
branch  5 never executed
    #####: 1294:        << " is expected to be a 32-bit integer, but actually"
    %%%%%: 1294-block  0
call    0 never executed
branch  1 never executed
branch  2 never executed
    #####: 1295:        << " has value \"" << str << "\".\n";
    %%%%%: 1295-block  0
call    0 never executed
branch  1 never executed
branch  2 never executed
    %%%%%: 1295-block  1
call    3 never executed
branch  4 never executed
branch  5 never executed
    %%%%%: 1295-block  2
call    6 never executed
branch  7 never executed
branch  8 never executed
    #####: 1296:    printf("%s", msg.GetString().c_str());
    %%%%%: 1296-block  0
call    0 never executed
branch  1 never executed
branch  2 never executed
    %%%%%: 1296-block  1
call    3 never executed
call    4 never executed
branch  5 never executed
branch  6 never executed
    %%%%%: 1296-block  2
call    7 never executed
    $$$$$: 1296-block  3
call    8 never executed
    $$$$$: 1296-block  4
    #####: 1297:    fflush(stdout);
call    0 never executed
branch  1 never executed
branch  2 never executed
    %%%%%: 1297-block  0
call    3 never executed
branch  4 never executed
branch  5 never executed
    #####: 1298:    return false;
    %%%%%: 1298-block  0
call    0 never executed
        -: 1299:  }
        -: 1300:
        -: 1301:  // Is the parsed value in the range of an int32_t?
    #####: 1302:  const auto result = static_cast<int32_t>(long_value);
    #####: 1303:  if (long_value == LONG_MAX || long_value == LONG_MIN ||
    %%%%%: 1303-block  0
branch  0 never executed
branch  1 never executed
    %%%%%: 1303-block  1
branch  2 never executed
branch  3 never executed
    %%%%%: 1303-block  2
branch  4 never executed
branch  5 never executed
        -: 1304:      // The parsed value overflows as a long.  (strtol() returns
        -: 1305:      // LONG_MAX or LONG_MIN when the input overflows.)
        -: 1306:      result != long_value
        -: 1307:      // The parsed value overflows as an int32_t.
        -: 1308:  ) {
    #####: 1309:    Message msg;
    %%%%%: 1309-block  0
call    0 never executed
branch  1 never executed
branch  2 never executed
    $$$$$: 1309-block  1
call    3 never executed
    #####: 1310:    msg << "WARNING: " << src_text
    %%%%%: 1310-block  0
call    0 never executed
branch  1 never executed
branch  2 never executed
    %%%%%: 1310-block  1
call    3 never executed
branch  4 never executed
branch  5 never executed
    #####: 1311:        << " is expected to be a 32-bit integer, but actually"
    %%%%%: 1311-block  0
call    0 never executed
branch  1 never executed
branch  2 never executed
    #####: 1312:        << " has value " << str << ", which overflows.\n";
    %%%%%: 1312-block  0
call    0 never executed
branch  1 never executed
branch  2 never executed
    %%%%%: 1312-block  1
call    3 never executed
branch  4 never executed
branch  5 never executed
    %%%%%: 1312-block  2
call    6 never executed
branch  7 never executed
branch  8 never executed
    #####: 1313:    printf("%s", msg.GetString().c_str());
    %%%%%: 1313-block  0
call    0 never executed
branch  1 never executed
branch  2 never executed
    %%%%%: 1313-block  1
call    3 never executed
call    4 never executed
branch  5 never executed
branch  6 never executed
    %%%%%: 1313-block  2
call    7 never executed
    $$$$$: 1313-block  3
call    8 never executed
    $$$$$: 1313-block  4
    #####: 1314:    fflush(stdout);
call    0 never executed
branch  1 never executed
branch  2 never executed
    %%%%%: 1314-block  0
call    3 never executed
branch  4 never executed
branch  5 never executed
    #####: 1315:    return false;
    %%%%%: 1315-block  0
call    0 never executed
        -: 1316:  }
        -: 1317:
    #####: 1318:  *value = result;
    #####: 1319:  return true;
    %%%%%: 1319-block  0
        -: 1320:}
        -: 1321:
        -: 1322:// Reads and returns the Boolean environment variable corresponding to
        -: 1323:// the given flag; if it's not set, returns default_value.
        -: 1324://
        -: 1325:// The value is considered true if and only if it's not "0".
function _ZN7testing8internal16BoolFromGTestEnvEPKcb called 12 returned 100% blocks executed 90%
       12: 1326:bool BoolFromGTestEnv(const char* flag, bool default_value) {
        -: 1327:#if defined(GTEST_GET_BOOL_FROM_ENV_)
        -: 1328:  return GTEST_GET_BOOL_FROM_ENV_(flag, default_value);
        -: 1329:#else
       12: 1330:  const std::string env_var = FlagToEnvVar(flag);
       12: 1330-block  0
call    0 returned 12
branch  1 taken 12 (fallthrough)
branch  2 taken 0 (throw)
       12: 1331:  const char* const string_value = posix::GetEnv(env_var.c_str());
       12: 1331-block  0
call    0 returned 12
call    1 returned 12
      12*: 1332:  return string_value == nullptr ? default_value
branch  0 taken 12 (fallthrough)
branch  1 taken 0
       12: 1332-block  0
      24*: 1333:                                 : strcmp(string_value, "0") != 0;
    %%%%%: 1333-block  0
       12: 1333-block  1
call    0 returned 12
       12: 1333-block  2
        -: 1334:#endif  // defined(GTEST_GET_BOOL_FROM_ENV_)
        -: 1335:}
        -: 1336:
        -: 1337:// Reads and returns a 32-bit integer stored in the environment
        -: 1338:// variable corresponding to the given flag; if it isn't set or
        -: 1339:// doesn't represent a valid 32-bit integer, returns default_value.
function _ZN7testing8internal17Int32FromGTestEnvEPKci called 3 returned 100% blocks executed 24%
        3: 1340:int32_t Int32FromGTestEnv(const char* flag, int32_t default_value) {
        -: 1341:#if defined(GTEST_GET_INT32_FROM_ENV_)
        -: 1342:  return GTEST_GET_INT32_FROM_ENV_(flag, default_value);
        -: 1343:#else
        6: 1344:  const std::string env_var = FlagToEnvVar(flag);
        3: 1344-block  0
call    0 returned 3
branch  1 taken 3 (fallthrough)
branch  2 taken 0 (throw)
        3: 1344-block  1
call    3 returned 3
    $$$$$: 1344-block  2
call    4 never executed
        3: 1345:  const char* const string_value = posix::GetEnv(env_var.c_str());
        3: 1345-block  0
call    0 returned 3
call    1 returned 3
        3: 1346:  if (string_value == nullptr) {
branch  0 taken 3 (fallthrough)
branch  1 taken 0
        -: 1347:    // The environment variable is not set.
        3: 1348:    return default_value;
        3: 1348-block  0
        -: 1349:  }
        -: 1350:
    #####: 1351:  int32_t result = default_value;
    #####: 1352:  if (!ParseInt32(Message() << "Environment variable " << env_var, string_value,
    %%%%%: 1352-block  0
call    0 never executed
branch  1 never executed
branch  2 never executed
    %%%%%: 1352-block  1
call    3 never executed
branch  4 never executed
branch  5 never executed
    %%%%%: 1352-block  2
call    6 never executed
branch  7 never executed
branch  8 never executed
    %%%%%: 1352-block  3
call    9 never executed
branch 10 never executed
branch 11 never executed
    %%%%%: 1352-block  4
call   12 never executed
branch 13 never executed
branch 14 never executed
    $$$$$: 1352-block  5
call   15 never executed
    $$$$$: 1352-block  6
        -: 1353:                  &result)) {
    #####: 1354:    printf("The default value %s is used.\n",
    %%%%%: 1354-block  0
call    0 never executed
call    1 never executed
branch  2 never executed
branch  3 never executed
    #####: 1355:           (Message() << default_value).GetString().c_str());
    %%%%%: 1355-block  0
call    0 never executed
branch  1 never executed
branch  2 never executed
    %%%%%: 1355-block  1
call    3 never executed
branch  4 never executed
branch  5 never executed
    %%%%%: 1355-block  2
call    6 never executed
branch  7 never executed
branch  8 never executed
    %%%%%: 1355-block  3
call    9 never executed
call   10 never executed
    $$$$$: 1355-block  4
call   11 never executed
    $$$$$: 1355-block  5
    $$$$$: 1355-block  6
call   12 never executed
    $$$$$: 1355-block  7
    #####: 1356:    fflush(stdout);
call    0 never executed
branch  1 never executed
branch  2 never executed
    %%%%%: 1356-block  0
call    3 never executed
branch  4 never executed
branch  5 never executed
    #####: 1357:    return default_value;
    %%%%%: 1357-block  0
        -: 1358:  }
        -: 1359:
    #####: 1360:  return result;
    %%%%%: 1360-block  0
        -: 1361:#endif  // defined(GTEST_GET_INT32_FROM_ENV_)
        -: 1362:}
        -: 1363:
        -: 1364:// As a special case for the 'output' flag, if GTEST_OUTPUT is not
        -: 1365:// set, we look for XML_OUTPUT_FILE, which is set by the Bazel build
        -: 1366:// system.  The value of XML_OUTPUT_FILE is a filename without the
        -: 1367:// "xml:" prefix of GTEST_OUTPUT.
        -: 1368:// Note that this is meant to be called at the call site so it does
        -: 1369:// not check that the flag is 'output'
        -: 1370:// In essence this checks an env variable called XML_OUTPUT_FILE
        -: 1371:// and if it is set we prepend "xml:" to its value, if it not set we return ""
function _ZN7testing8internal25OutputFlagAlsoCheckEnvVarB5cxx11Ev called 1 returned 100% blocks executed 31%
        1: 1372:std::string OutputFlagAlsoCheckEnvVar() {
        1: 1373:  std::string default_value_for_output_flag = "";
        1: 1373-block  0
call    0 returned 1
call    1 returned 1
branch  2 taken 1 (fallthrough)
branch  3 taken 0 (throw)
    $$$$$: 1373-block  1
call    4 never executed
        1: 1374:  const char* xml_output_file_env = posix::GetEnv("XML_OUTPUT_FILE");
call    0 returned 1
        1: 1375:  if (nullptr != xml_output_file_env) {
branch  0 taken 0 (fallthrough)
branch  1 taken 1
    #####: 1376:    default_value_for_output_flag = std::string("xml:") + xml_output_file_env;
    %%%%%: 1376-block  0
call    0 never executed
call    1 never executed
branch  2 never executed
branch  3 never executed
    %%%%%: 1376-block  1
call    4 never executed
branch  5 never executed
branch  6 never executed
    %%%%%: 1376-block  2
call    7 never executed
call    8 never executed
call    9 never executed
call   10 never executed
    $$$$$: 1376-block  3
call   11 never executed
    $$$$$: 1376-block  4
    $$$$$: 1376-block  5
call   12 never executed
    $$$$$: 1376-block  6
        -: 1377:  }
        1: 1378:  return default_value_for_output_flag;
        1: 1378-block  0
        1: 1378-block  1
        -: 1379:}
        -: 1380:
        -: 1381:// Reads and returns the string environment variable corresponding to
        -: 1382:// the given flag; if it's not set, returns default_value.
function _ZN7testing8internal18StringFromGTestEnvEPKcS2_ called 6 returned 100% blocks executed 100%
        6: 1383:const char* StringFromGTestEnv(const char* flag, const char* default_value) {
        -: 1384:#if defined(GTEST_GET_STRING_FROM_ENV_)
        -: 1385:  return GTEST_GET_STRING_FROM_ENV_(flag, default_value);
        -: 1386:#else
        6: 1387:  const std::string env_var = FlagToEnvVar(flag);
        6: 1387-block  0
call    0 returned 6
branch  1 taken 6 (fallthrough)
branch  2 taken 0 (throw)
        6: 1388:  const char* const value = posix::GetEnv(env_var.c_str());
        6: 1388-block  0
call    0 returned 6
call    1 returned 6
       12: 1389:  return value == nullptr ? default_value : value;
branch  0 taken 5 (fallthrough)
branch  1 taken 1
        5: 1389-block  0
        1: 1389-block  1
        6: 1389-block  2
call    2 returned 6
        6: 1389-block  3
        -: 1390:#endif  // defined(GTEST_GET_STRING_FROM_ENV_)
        -: 1391:}
        -: 1392:
        -: 1393:}  // namespace internal
        -: 1394:}  // namespace testing
